running egg_info
writing ../build/reseq_ros2/reseq_ros2.egg-info/PKG-INFO
writing dependency_links to ../build/reseq_ros2/reseq_ros2.egg-info/dependency_links.txt
writing entry points to ../build/reseq_ros2/reseq_ros2.egg-info/entry_points.txt
writing requirements to ../build/reseq_ros2/reseq_ros2.egg-info/requires.txt
writing top-level names to ../build/reseq_ros2/reseq_ros2.egg-info/top_level.txt
reading manifest file '../build/reseq_ros2/reseq_ros2.egg-info/SOURCES.txt'
writing manifest file '../build/reseq_ros2/reseq_ros2.egg-info/SOURCES.txt'
running build
running build_py
running install
running install_lib
running install_data
running install_egg_info
removing '/home/salvatore/ros2_ws/src/install/reseq_ros2/lib/python3.12/site-packages/reseq_ros2-0.0.0-py3.12.egg-info' (and everything under it)
Copying ../build/reseq_ros2/reseq_ros2.egg-info to /home/salvatore/ros2_ws/src/install/reseq_ros2/lib/python3.12/site-packages/reseq_ros2-0.0.0-py3.12.egg-info
running install_scripts
Installing agevar script to /home/salvatore/ros2_ws/src/install/reseq_ros2/lib/reseq_ros2
Installing communication script to /home/salvatore/ros2_ws/src/install/reseq_ros2/lib/reseq_ros2
Installing emulator_remote_controller script to /home/salvatore/ros2_ws/src/install/reseq_ros2/lib/reseq_ros2
Installing enea script to /home/salvatore/ros2_ws/src/install/reseq_ros2/lib/reseq_ros2
Installing feedback_replicator script to /home/salvatore/ros2_ws/src/install/reseq_ros2/lib/reseq_ros2
Installing joint_publisher script to /home/salvatore/ros2_ws/src/install/reseq_ros2/lib/reseq_ros2
Installing pivot_controller script to /home/salvatore/ros2_ws/src/install/reseq_ros2/lib/reseq_ros2
Installing remote_test script to /home/salvatore/ros2_ws/src/install/reseq_ros2/lib/reseq_ros2
Installing scaler script to /home/salvatore/ros2_ws/src/install/reseq_ros2/lib/reseq_ros2
Installing thermal_node script to /home/salvatore/ros2_ws/src/install/reseq_ros2/lib/reseq_ros2
writing list of installed files to '/home/salvatore/ros2_ws/src/build/reseq_ros2/install.log'
