[  1%] Built target reseq_interfaces__rosidl_generator_type_description
[  1%] Built target ament_cmake_python_copy_reseq_interfaces
[  1%] Built target reseq_interfaces__cpp
[ 26%] Built target reseq_interfaces__rosidl_generator_c
[ 35%] Built target reseq_interfaces__rosidl_typesupport_introspection_c
[ 44%] Built target reseq_interfaces__rosidl_typesupport_cpp
[ 54%] Built target reseq_interfaces__rosidl_typesupport_fastrtps_c
[ 64%] Built target reseq_interfaces__rosidl_typesupport_c
[ 74%] Built target reseq_interfaces__rosidl_typesupport_fastrtps_cpp
[ 84%] Built target reseq_interfaces__rosidl_typesupport_introspection_cpp
[ 84%] Built target reseq_interfaces
[ 85%] Built target reseq_interfaces__py
[ 94%] Built target reseq_interfaces__rosidl_generator_py
[ 98%] Built target reseq_interfaces_s__rosidl_typesupport_introspection_c
[ 98%] Built target reseq_interfaces_s__rosidl_typesupport_fastrtps_c
[100%] Built target reseq_interfaces_s__rosidl_typesupport_c
running egg_info
writing reseq_interfaces.egg-info/PKG-INFO
writing dependency_links to reseq_interfaces.egg-info/dependency_links.txt
writing top-level names to reseq_interfaces.egg-info/top_level.txt
reading manifest file 'reseq_interfaces.egg-info/SOURCES.txt'
writing manifest file 'reseq_interfaces.egg-info/SOURCES.txt'
[100%] Built target ament_cmake_python_build_reseq_interfaces_egg
-- Install configuration: ""
-- Up-to-date: /home/salvatore/ros2_ws/src/install/reseq_interfaces/share/ament_index/resource_index/rosidl_interfaces/reseq_interfaces
-- Up-to-date: /home/salvatore/ros2_ws/src/install/reseq_interfaces/share/reseq_interfaces/msg/Motors.json
-- Up-to-date: /home/salvatore/ros2_ws/src/install/reseq_interfaces/share/reseq_interfaces/msg/Remote.json
-- Up-to-date: /home/salvatore/ros2_ws/src/install/reseq_interfaces/share/reseq_interfaces/msg/EndEffector.json
-- Up-to-date: /home/salvatore/ros2_ws/src/install/reseq_interfaces/share/reseq_interfaces/msg/Detection.json
-- Up-to-date: /home/salvatore/ros2_ws/src/install/reseq_interfaces/share/reseq_interfaces/srv/BatchDetections2D.json
-- Up-to-date: /home/salvatore/ros2_ws/src/install/reseq_interfaces/share/reseq_interfaces/srv/SetMode.json
-- Up-to-date: /home/salvatore/ros2_ws/src/install/reseq_interfaces/share/reseq_interfaces/srv/GetStatus.json
-- Up-to-date: /home/salvatore/ros2_ws/src/install/reseq_interfaces/share/reseq_interfaces/srv/ComputeCoordinate.json
-- Up-to-date: /home/salvatore/ros2_ws/src/install/reseq_interfaces/include/reseq_interfaces/reseq_interfaces
-- Up-to-date: /home/salvatore/ros2_ws/src/install/reseq_interfaces/include/reseq_interfaces/reseq_interfaces/srv
-- Up-to-date: /home/salvatore/ros2_ws/src/install/reseq_interfaces/include/reseq_interfaces/reseq_interfaces/srv/detail
-- Up-to-date: /home/salvatore/ros2_ws/src/install/reseq_interfaces/include/reseq_interfaces/reseq_interfaces/srv/detail/get_status__type_support.c
-- Up-to-date: /home/salvatore/ros2_ws/src/install/reseq_interfaces/include/reseq_interfaces/reseq_interfaces/srv/detail/get_status__functions.h
-- Up-to-date: /home/salvatore/ros2_ws/src/install/reseq_interfaces/include/reseq_interfaces/reseq_interfaces/srv/detail/get_status__description.c
-- Up-to-date: /home/salvatore/ros2_ws/src/install/reseq_interfaces/include/reseq_interfaces/reseq_interfaces/srv/detail/batch_detections2_d__functions.c
-- Up-to-date: /home/salvatore/ros2_ws/src/install/reseq_interfaces/include/reseq_interfaces/reseq_interfaces/srv/detail/set_mode__functions.h
-- Up-to-date: /home/salvatore/ros2_ws/src/install/reseq_interfaces/include/reseq_interfaces/reseq_interfaces/srv/detail/batch_detections2_d__type_support.c
-- Up-to-date: /home/salvatore/ros2_ws/src/install/reseq_interfaces/include/reseq_interfaces/reseq_interfaces/srv/detail/set_mode__type_support.c
-- Up-to-date: /home/salvatore/ros2_ws/src/install/reseq_interfaces/include/reseq_interfaces/reseq_interfaces/srv/detail/compute_coordinate__description.c
-- Up-to-date: /home/salvatore/ros2_ws/src/install/reseq_interfaces/include/reseq_interfaces/reseq_interfaces/srv/detail/compute_coordinate__struct.h
-- Up-to-date: /home/salvatore/ros2_ws/src/install/reseq_interfaces/include/reseq_interfaces/reseq_interfaces/srv/detail/compute_coordinate__type_support.c
-- Up-to-date: /home/salvatore/ros2_ws/src/install/reseq_interfaces/include/reseq_interfaces/reseq_interfaces/srv/detail/set_mode__type_support.h
-- Up-to-date: /home/salvatore/ros2_ws/src/install/reseq_interfaces/include/reseq_interfaces/reseq_interfaces/srv/detail/get_status__type_support.h
-- Up-to-date: /home/salvatore/ros2_ws/src/install/reseq_interfaces/include/reseq_interfaces/reseq_interfaces/srv/detail/batch_detections2_d__functions.h
-- Up-to-date: /home/salvatore/ros2_ws/src/install/reseq_interfaces/include/reseq_interfaces/reseq_interfaces/srv/detail/batch_detections2_d__type_support.h
-- Up-to-date: /home/salvatore/ros2_ws/src/install/reseq_interfaces/include/reseq_interfaces/reseq_interfaces/srv/detail/set_mode__struct.h
-- Up-to-date: /home/salvatore/ros2_ws/src/install/reseq_interfaces/include/reseq_interfaces/reseq_interfaces/srv/detail/batch_detections2_d__description.c
-- Up-to-date: /home/salvatore/ros2_ws/src/install/reseq_interfaces/include/reseq_interfaces/reseq_interfaces/srv/detail/set_mode__description.c
-- Up-to-date: /home/salvatore/ros2_ws/src/install/reseq_interfaces/include/reseq_interfaces/reseq_interfaces/srv/detail/get_status__functions.c
-- Up-to-date: /home/salvatore/ros2_ws/src/install/reseq_interfaces/include/reseq_interfaces/reseq_interfaces/srv/detail/compute_coordinate__functions.h
-- Up-to-date: /home/salvatore/ros2_ws/src/install/reseq_interfaces/include/reseq_interfaces/reseq_interfaces/srv/detail/compute_coordinate__functions.c
-- Up-to-date: /home/salvatore/ros2_ws/src/install/reseq_interfaces/include/reseq_interfaces/reseq_interfaces/srv/detail/batch_detections2_d__struct.h
-- Up-to-date: /home/salvatore/ros2_ws/src/install/reseq_interfaces/include/reseq_interfaces/reseq_interfaces/srv/detail/compute_coordinate__type_support.h
-- Up-to-date: /home/salvatore/ros2_ws/src/install/reseq_interfaces/include/reseq_interfaces/reseq_interfaces/srv/detail/get_status__struct.h
-- Up-to-date: /home/salvatore/ros2_ws/src/install/reseq_interfaces/include/reseq_interfaces/reseq_interfaces/srv/detail/set_mode__functions.c
-- Up-to-date: /home/salvatore/ros2_ws/src/install/reseq_interfaces/include/reseq_interfaces/reseq_interfaces/srv/batch_detections2_d.h
-- Up-to-date: /home/salvatore/ros2_ws/src/install/reseq_interfaces/include/reseq_interfaces/reseq_interfaces/srv/get_status.h
-- Up-to-date: /home/salvatore/ros2_ws/src/install/reseq_interfaces/include/reseq_interfaces/reseq_interfaces/srv/compute_coordinate.h
-- Up-to-date: /home/salvatore/ros2_ws/src/install/reseq_interfaces/include/reseq_interfaces/reseq_interfaces/srv/set_mode.h
-- Up-to-date: /home/salvatore/ros2_ws/src/install/reseq_interfaces/include/reseq_interfaces/reseq_interfaces/msg
-- Up-to-date: /home/salvatore/ros2_ws/src/install/reseq_interfaces/include/reseq_interfaces/reseq_interfaces/msg/detail
-- Up-to-date: /home/salvatore/ros2_ws/src/install/reseq_interfaces/include/reseq_interfaces/reseq_interfaces/msg/detail/detection__struct.h
-- Up-to-date: /home/salvatore/ros2_ws/src/install/reseq_interfaces/include/reseq_interfaces/reseq_interfaces/msg/detail/motors__type_support.h
-- Up-to-date: /home/salvatore/ros2_ws/src/install/reseq_interfaces/include/reseq_interfaces/reseq_interfaces/msg/detail/end_effector__functions.c
-- Up-to-date: /home/salvatore/ros2_ws/src/install/reseq_interfaces/include/reseq_interfaces/reseq_interfaces/msg/detail/remote__type_support.c
-- Up-to-date: /home/salvatore/ros2_ws/src/install/reseq_interfaces/include/reseq_interfaces/reseq_interfaces/msg/detail/remote__description.c
-- Up-to-date: /home/salvatore/ros2_ws/src/install/reseq_interfaces/include/reseq_interfaces/reseq_interfaces/msg/detail/remote__type_support.h
-- Up-to-date: /home/salvatore/ros2_ws/src/install/reseq_interfaces/include/reseq_interfaces/reseq_interfaces/msg/detail/motors__description.c
-- Up-to-date: /home/salvatore/ros2_ws/src/install/reseq_interfaces/include/reseq_interfaces/reseq_interfaces/msg/detail/end_effector__description.c
-- Up-to-date: /home/salvatore/ros2_ws/src/install/reseq_interfaces/include/reseq_interfaces/reseq_interfaces/msg/detail/detection__type_support.h
-- Up-to-date: /home/salvatore/ros2_ws/src/install/reseq_interfaces/include/reseq_interfaces/reseq_interfaces/msg/detail/detection__type_support.c
-- Up-to-date: /home/salvatore/ros2_ws/src/install/reseq_interfaces/include/reseq_interfaces/reseq_interfaces/msg/detail/end_effector__type_support.h
-- Up-to-date: /home/salvatore/ros2_ws/src/install/reseq_interfaces/include/reseq_interfaces/reseq_interfaces/msg/detail/motors__type_support.c
-- Up-to-date: /home/salvatore/ros2_ws/src/install/reseq_interfaces/include/reseq_interfaces/reseq_interfaces/msg/detail/remote__functions.c
-- Up-to-date: /home/salvatore/ros2_ws/src/install/reseq_interfaces/include/reseq_interfaces/reseq_interfaces/msg/detail/end_effector__functions.h
-- Up-to-date: /home/salvatore/ros2_ws/src/install/reseq_interfaces/include/reseq_interfaces/reseq_interfaces/msg/detail/detection__functions.c
-- Up-to-date: /home/salvatore/ros2_ws/src/install/reseq_interfaces/include/reseq_interfaces/reseq_interfaces/msg/detail/end_effector__type_support.c
-- Up-to-date: /home/salvatore/ros2_ws/src/install/reseq_interfaces/include/reseq_interfaces/reseq_interfaces/msg/detail/end_effector__struct.h
-- Up-to-date: /home/salvatore/ros2_ws/src/install/reseq_interfaces/include/reseq_interfaces/reseq_interfaces/msg/detail/motors__functions.c
-- Up-to-date: /home/salvatore/ros2_ws/src/install/reseq_interfaces/include/reseq_interfaces/reseq_interfaces/msg/detail/remote__functions.h
-- Up-to-date: /home/salvatore/ros2_ws/src/install/reseq_interfaces/include/reseq_interfaces/reseq_interfaces/msg/detail/detection__description.c
-- Up-to-date: /home/salvatore/ros2_ws/src/install/reseq_interfaces/include/reseq_interfaces/reseq_interfaces/msg/detail/detection__functions.h
-- Up-to-date: /home/salvatore/ros2_ws/src/install/reseq_interfaces/include/reseq_interfaces/reseq_interfaces/msg/detail/remote__struct.h
-- Up-to-date: /home/salvatore/ros2_ws/src/install/reseq_interfaces/include/reseq_interfaces/reseq_interfaces/msg/detail/motors__functions.h
-- Up-to-date: /home/salvatore/ros2_ws/src/install/reseq_interfaces/include/reseq_interfaces/reseq_interfaces/msg/detail/motors__struct.h
-- Up-to-date: /home/salvatore/ros2_ws/src/install/reseq_interfaces/include/reseq_interfaces/reseq_interfaces/msg/detection.h
-- Up-to-date: /home/salvatore/ros2_ws/src/install/reseq_interfaces/include/reseq_interfaces/reseq_interfaces/msg/rosidl_generator_c__visibility_control.h
-- Up-to-date: /home/salvatore/ros2_ws/src/install/reseq_interfaces/include/reseq_interfaces/reseq_interfaces/msg/end_effector.h
-- Up-to-date: /home/salvatore/ros2_ws/src/install/reseq_interfaces/include/reseq_interfaces/reseq_interfaces/msg/remote.h
-- Up-to-date: /home/salvatore/ros2_ws/src/install/reseq_interfaces/include/reseq_interfaces/reseq_interfaces/msg/motors.h
-- Up-to-date: /home/salvatore/ros2_ws/src/install/reseq_interfaces/share/reseq_interfaces/environment/library_path.sh
-- Up-to-date: /home/salvatore/ros2_ws/src/install/reseq_interfaces/share/reseq_interfaces/environment/library_path.dsv
-- Up-to-date: /home/salvatore/ros2_ws/src/install/reseq_interfaces/lib/libreseq_interfaces__rosidl_generator_c.so
-- Up-to-date: /home/salvatore/ros2_ws/src/install/reseq_interfaces/include/reseq_interfaces/reseq_interfaces
-- Up-to-date: /home/salvatore/ros2_ws/src/install/reseq_interfaces/include/reseq_interfaces/reseq_interfaces/srv
-- Up-to-date: /home/salvatore/ros2_ws/src/install/reseq_interfaces/include/reseq_interfaces/reseq_interfaces/srv/detail
-- Up-to-date: /home/salvatore/ros2_ws/src/install/reseq_interfaces/include/reseq_interfaces/reseq_interfaces/srv/detail/batch_detections2_d__rosidl_typesupport_fastrtps_c.h
-- Up-to-date: /home/salvatore/ros2_ws/src/install/reseq_interfaces/include/reseq_interfaces/reseq_interfaces/srv/detail/compute_coordinate__rosidl_typesupport_fastrtps_c.h
-- Up-to-date: /home/salvatore/ros2_ws/src/install/reseq_interfaces/include/reseq_interfaces/reseq_interfaces/srv/detail/get_status__rosidl_typesupport_fastrtps_c.h
-- Up-to-date: /home/salvatore/ros2_ws/src/install/reseq_interfaces/include/reseq_interfaces/reseq_interfaces/srv/detail/set_mode__rosidl_typesupport_fastrtps_c.h
-- Up-to-date: /home/salvatore/ros2_ws/src/install/reseq_interfaces/include/reseq_interfaces/reseq_interfaces/msg
-- Up-to-date: /home/salvatore/ros2_ws/src/install/reseq_interfaces/include/reseq_interfaces/reseq_interfaces/msg/detail
-- Up-to-date: /home/salvatore/ros2_ws/src/install/reseq_interfaces/include/reseq_interfaces/reseq_interfaces/msg/detail/remote__rosidl_typesupport_fastrtps_c.h
-- Up-to-date: /home/salvatore/ros2_ws/src/install/reseq_interfaces/include/reseq_interfaces/reseq_interfaces/msg/detail/end_effector__rosidl_typesupport_fastrtps_c.h
-- Up-to-date: /home/salvatore/ros2_ws/src/install/reseq_interfaces/include/reseq_interfaces/reseq_interfaces/msg/detail/detection__rosidl_typesupport_fastrtps_c.h
-- Up-to-date: /home/salvatore/ros2_ws/src/install/reseq_interfaces/include/reseq_interfaces/reseq_interfaces/msg/detail/motors__rosidl_typesupport_fastrtps_c.h
-- Up-to-date: /home/salvatore/ros2_ws/src/install/reseq_interfaces/include/reseq_interfaces/reseq_interfaces/msg/rosidl_typesupport_fastrtps_c__visibility_control.h
-- Up-to-date: /home/salvatore/ros2_ws/src/install/reseq_interfaces/lib/libreseq_interfaces__rosidl_typesupport_fastrtps_c.so
-- Up-to-date: /home/salvatore/ros2_ws/src/install/reseq_interfaces/include/reseq_interfaces/reseq_interfaces
-- Up-to-date: /home/salvatore/ros2_ws/src/install/reseq_interfaces/include/reseq_interfaces/reseq_interfaces/srv
-- Up-to-date: /home/salvatore/ros2_ws/src/install/reseq_interfaces/include/reseq_interfaces/reseq_interfaces/srv/detail
-- Up-to-date: /home/salvatore/ros2_ws/src/install/reseq_interfaces/include/reseq_interfaces/reseq_interfaces/srv/detail/get_status__type_support.c
-- Up-to-date: /home/salvatore/ros2_ws/src/install/reseq_interfaces/include/reseq_interfaces/reseq_interfaces/srv/detail/compute_coordinate__rosidl_typesupport_introspection_c.h
-- Up-to-date: /home/salvatore/ros2_ws/src/install/reseq_interfaces/include/reseq_interfaces/reseq_interfaces/srv/detail/batch_detections2_d__type_support.c
-- Up-to-date: /home/salvatore/ros2_ws/src/install/reseq_interfaces/include/reseq_interfaces/reseq_interfaces/srv/detail/set_mode__type_support.c
-- Up-to-date: /home/salvatore/ros2_ws/src/install/reseq_interfaces/include/reseq_interfaces/reseq_interfaces/srv/detail/compute_coordinate__type_support.c
-- Up-to-date: /home/salvatore/ros2_ws/src/install/reseq_interfaces/include/reseq_interfaces/reseq_interfaces/srv/detail/batch_detections2_d__rosidl_typesupport_introspection_c.h
-- Up-to-date: /home/salvatore/ros2_ws/src/install/reseq_interfaces/include/reseq_interfaces/reseq_interfaces/srv/detail/set_mode__rosidl_typesupport_introspection_c.h
-- Up-to-date: /home/salvatore/ros2_ws/src/install/reseq_interfaces/include/reseq_interfaces/reseq_interfaces/srv/detail/get_status__rosidl_typesupport_introspection_c.h
-- Up-to-date: /home/salvatore/ros2_ws/src/install/reseq_interfaces/include/reseq_interfaces/reseq_interfaces/msg
-- Up-to-date: /home/salvatore/ros2_ws/src/install/reseq_interfaces/include/reseq_interfaces/reseq_interfaces/msg/detail
-- Up-to-date: /home/salvatore/ros2_ws/src/install/reseq_interfaces/include/reseq_interfaces/reseq_interfaces/msg/detail/remote__type_support.c
-- Up-to-date: /home/salvatore/ros2_ws/src/install/reseq_interfaces/include/reseq_interfaces/reseq_interfaces/msg/detail/end_effector__rosidl_typesupport_introspection_c.h
-- Up-to-date: /home/salvatore/ros2_ws/src/install/reseq_interfaces/include/reseq_interfaces/reseq_interfaces/msg/detail/detection__type_support.c
-- Up-to-date: /home/salvatore/ros2_ws/src/install/reseq_interfaces/include/reseq_interfaces/reseq_interfaces/msg/detail/remote__rosidl_typesupport_introspection_c.h
-- Up-to-date: /home/salvatore/ros2_ws/src/install/reseq_interfaces/include/reseq_interfaces/reseq_interfaces/msg/detail/motors__type_support.c
-- Up-to-date: /home/salvatore/ros2_ws/src/install/reseq_interfaces/include/reseq_interfaces/reseq_interfaces/msg/detail/end_effector__type_support.c
-- Up-to-date: /home/salvatore/ros2_ws/src/install/reseq_interfaces/include/reseq_interfaces/reseq_interfaces/msg/detail/detection__rosidl_typesupport_introspection_c.h
-- Up-to-date: /home/salvatore/ros2_ws/src/install/reseq_interfaces/include/reseq_interfaces/reseq_interfaces/msg/detail/motors__rosidl_typesupport_introspection_c.h
-- Up-to-date: /home/salvatore/ros2_ws/src/install/reseq_interfaces/include/reseq_interfaces/reseq_interfaces/msg/rosidl_typesupport_introspection_c__visibility_control.h
-- Up-to-date: /home/salvatore/ros2_ws/src/install/reseq_interfaces/lib/libreseq_interfaces__rosidl_typesupport_introspection_c.so
-- Up-to-date: /home/salvatore/ros2_ws/src/install/reseq_interfaces/lib/libreseq_interfaces__rosidl_typesupport_c.so
-- Up-to-date: /home/salvatore/ros2_ws/src/install/reseq_interfaces/include/reseq_interfaces/reseq_interfaces
-- Up-to-date: /home/salvatore/ros2_ws/src/install/reseq_interfaces/include/reseq_interfaces/reseq_interfaces/srv
-- Up-to-date: /home/salvatore/ros2_ws/src/install/reseq_interfaces/include/reseq_interfaces/reseq_interfaces/srv/detail
-- Up-to-date: /home/salvatore/ros2_ws/src/install/reseq_interfaces/include/reseq_interfaces/reseq_interfaces/srv/detail/set_mode__traits.hpp
-- Up-to-date: /home/salvatore/ros2_ws/src/install/reseq_interfaces/include/reseq_interfaces/reseq_interfaces/srv/detail/set_mode__type_support.hpp
-- Up-to-date: /home/salvatore/ros2_ws/src/install/reseq_interfaces/include/reseq_interfaces/reseq_interfaces/srv/detail/compute_coordinate__builder.hpp
-- Up-to-date: /home/salvatore/ros2_ws/src/install/reseq_interfaces/include/reseq_interfaces/reseq_interfaces/srv/detail/get_status__struct.hpp
-- Up-to-date: /home/salvatore/ros2_ws/src/install/reseq_interfaces/include/reseq_interfaces/reseq_interfaces/srv/detail/get_status__type_support.hpp
-- Up-to-date: /home/salvatore/ros2_ws/src/install/reseq_interfaces/include/reseq_interfaces/reseq_interfaces/srv/detail/set_mode__builder.hpp
-- Up-to-date: /home/salvatore/ros2_ws/src/install/reseq_interfaces/include/reseq_interfaces/reseq_interfaces/srv/detail/batch_detections2_d__struct.hpp
-- Up-to-date: /home/salvatore/ros2_ws/src/install/reseq_interfaces/include/reseq_interfaces/reseq_interfaces/srv/detail/get_status__builder.hpp
-- Up-to-date: /home/salvatore/ros2_ws/src/install/reseq_interfaces/include/reseq_interfaces/reseq_interfaces/srv/detail/compute_coordinate__traits.hpp
-- Up-to-date: /home/salvatore/ros2_ws/src/install/reseq_interfaces/include/reseq_interfaces/reseq_interfaces/srv/detail/batch_detections2_d__type_support.hpp
-- Up-to-date: /home/salvatore/ros2_ws/src/install/reseq_interfaces/include/reseq_interfaces/reseq_interfaces/srv/detail/batch_detections2_d__builder.hpp
-- Up-to-date: /home/salvatore/ros2_ws/src/install/reseq_interfaces/include/reseq_interfaces/reseq_interfaces/srv/detail/compute_coordinate__type_support.hpp
-- Up-to-date: /home/salvatore/ros2_ws/src/install/reseq_interfaces/include/reseq_interfaces/reseq_interfaces/srv/detail/set_mode__struct.hpp
-- Up-to-date: /home/salvatore/ros2_ws/src/install/reseq_interfaces/include/reseq_interfaces/reseq_interfaces/srv/detail/batch_detections2_d__traits.hpp
-- Up-to-date: /home/salvatore/ros2_ws/src/install/reseq_interfaces/include/reseq_interfaces/reseq_interfaces/srv/detail/get_status__traits.hpp
-- Up-to-date: /home/salvatore/ros2_ws/src/install/reseq_interfaces/include/reseq_interfaces/reseq_interfaces/srv/detail/compute_coordinate__struct.hpp
-- Up-to-date: /home/salvatore/ros2_ws/src/install/reseq_interfaces/include/reseq_interfaces/reseq_interfaces/srv/compute_coordinate.hpp
-- Up-to-date: /home/salvatore/ros2_ws/src/install/reseq_interfaces/include/reseq_interfaces/reseq_interfaces/srv/batch_detections2_d.hpp
-- Up-to-date: /home/salvatore/ros2_ws/src/install/reseq_interfaces/include/reseq_interfaces/reseq_interfaces/srv/get_status.hpp
-- Up-to-date: /home/salvatore/ros2_ws/src/install/reseq_interfaces/include/reseq_interfaces/reseq_interfaces/srv/set_mode.hpp
-- Up-to-date: /home/salvatore/ros2_ws/src/install/reseq_interfaces/include/reseq_interfaces/reseq_interfaces/msg
-- Up-to-date: /home/salvatore/ros2_ws/src/install/reseq_interfaces/include/reseq_interfaces/reseq_interfaces/msg/rosidl_generator_cpp__visibility_control.hpp
-- Up-to-date: /home/salvatore/ros2_ws/src/install/reseq_interfaces/include/reseq_interfaces/reseq_interfaces/msg/detail
-- Up-to-date: /home/salvatore/ros2_ws/src/install/reseq_interfaces/include/reseq_interfaces/reseq_interfaces/msg/detail/motors__type_support.hpp
-- Up-to-date: /home/salvatore/ros2_ws/src/install/reseq_interfaces/include/reseq_interfaces/reseq_interfaces/msg/detail/remote__builder.hpp
-- Up-to-date: /home/salvatore/ros2_ws/src/install/reseq_interfaces/include/reseq_interfaces/reseq_interfaces/msg/detail/detection__type_support.hpp
-- Up-to-date: /home/salvatore/ros2_ws/src/install/reseq_interfaces/include/reseq_interfaces/reseq_interfaces/msg/detail/remote__struct.hpp
-- Up-to-date: /home/salvatore/ros2_ws/src/install/reseq_interfaces/include/reseq_interfaces/reseq_interfaces/msg/detail/detection__traits.hpp
-- Up-to-date: /home/salvatore/ros2_ws/src/install/reseq_interfaces/include/reseq_interfaces/reseq_interfaces/msg/detail/detection__struct.hpp
-- Up-to-date: /home/salvatore/ros2_ws/src/install/reseq_interfaces/include/reseq_interfaces/reseq_interfaces/msg/detail/detection__builder.hpp
-- Up-to-date: /home/salvatore/ros2_ws/src/install/reseq_interfaces/include/reseq_interfaces/reseq_interfaces/msg/detail/remote__traits.hpp
-- Up-to-date: /home/salvatore/ros2_ws/src/install/reseq_interfaces/include/reseq_interfaces/reseq_interfaces/msg/detail/motors__struct.hpp
-- Up-to-date: /home/salvatore/ros2_ws/src/install/reseq_interfaces/include/reseq_interfaces/reseq_interfaces/msg/detail/motors__traits.hpp
-- Up-to-date: /home/salvatore/ros2_ws/src/install/reseq_interfaces/include/reseq_interfaces/reseq_interfaces/msg/detail/end_effector__traits.hpp
-- Up-to-date: /home/salvatore/ros2_ws/src/install/reseq_interfaces/include/reseq_interfaces/reseq_interfaces/msg/detail/remote__type_support.hpp
-- Up-to-date: /home/salvatore/ros2_ws/src/install/reseq_interfaces/include/reseq_interfaces/reseq_interfaces/msg/detail/motors__builder.hpp
-- Up-to-date: /home/salvatore/ros2_ws/src/install/reseq_interfaces/include/reseq_interfaces/reseq_interfaces/msg/detail/end_effector__struct.hpp
-- Up-to-date: /home/salvatore/ros2_ws/src/install/reseq_interfaces/include/reseq_interfaces/reseq_interfaces/msg/detail/end_effector__builder.hpp
-- Up-to-date: /home/salvatore/ros2_ws/src/install/reseq_interfaces/include/reseq_interfaces/reseq_interfaces/msg/detail/end_effector__type_support.hpp
-- Up-to-date: /home/salvatore/ros2_ws/src/install/reseq_interfaces/include/reseq_interfaces/reseq_interfaces/msg/detection.hpp
-- Up-to-date: /home/salvatore/ros2_ws/src/install/reseq_interfaces/include/reseq_interfaces/reseq_interfaces/msg/end_effector.hpp
-- Up-to-date: /home/salvatore/ros2_ws/src/install/reseq_interfaces/include/reseq_interfaces/reseq_interfaces/msg/remote.hpp
-- Up-to-date: /home/salvatore/ros2_ws/src/install/reseq_interfaces/include/reseq_interfaces/reseq_interfaces/msg/motors.hpp
-- Up-to-date: /home/salvatore/ros2_ws/src/install/reseq_interfaces/include/reseq_interfaces/reseq_interfaces
-- Up-to-date: /home/salvatore/ros2_ws/src/install/reseq_interfaces/include/reseq_interfaces/reseq_interfaces/srv
-- Up-to-date: /home/salvatore/ros2_ws/src/install/reseq_interfaces/include/reseq_interfaces/reseq_interfaces/srv/detail
-- Up-to-date: /home/salvatore/ros2_ws/src/install/reseq_interfaces/include/reseq_interfaces/reseq_interfaces/srv/detail/set_mode__rosidl_typesupport_fastrtps_cpp.hpp
-- Up-to-date: /home/salvatore/ros2_ws/src/install/reseq_interfaces/include/reseq_interfaces/reseq_interfaces/srv/detail/dds_fastrtps
-- Up-to-date: /home/salvatore/ros2_ws/src/install/reseq_interfaces/include/reseq_interfaces/reseq_interfaces/srv/detail/get_status__rosidl_typesupport_fastrtps_cpp.hpp
-- Up-to-date: /home/salvatore/ros2_ws/src/install/reseq_interfaces/include/reseq_interfaces/reseq_interfaces/srv/detail/batch_detections2_d__rosidl_typesupport_fastrtps_cpp.hpp
-- Up-to-date: /home/salvatore/ros2_ws/src/install/reseq_interfaces/include/reseq_interfaces/reseq_interfaces/srv/detail/compute_coordinate__rosidl_typesupport_fastrtps_cpp.hpp
-- Up-to-date: /home/salvatore/ros2_ws/src/install/reseq_interfaces/include/reseq_interfaces/reseq_interfaces/msg
-- Up-to-date: /home/salvatore/ros2_ws/src/install/reseq_interfaces/include/reseq_interfaces/reseq_interfaces/msg/rosidl_typesupport_fastrtps_cpp__visibility_control.h
-- Up-to-date: /home/salvatore/ros2_ws/src/install/reseq_interfaces/include/reseq_interfaces/reseq_interfaces/msg/detail
-- Up-to-date: /home/salvatore/ros2_ws/src/install/reseq_interfaces/include/reseq_interfaces/reseq_interfaces/msg/detail/end_effector__rosidl_typesupport_fastrtps_cpp.hpp
-- Up-to-date: /home/salvatore/ros2_ws/src/install/reseq_interfaces/include/reseq_interfaces/reseq_interfaces/msg/detail/dds_fastrtps
-- Up-to-date: /home/salvatore/ros2_ws/src/install/reseq_interfaces/include/reseq_interfaces/reseq_interfaces/msg/detail/detection__rosidl_typesupport_fastrtps_cpp.hpp
-- Up-to-date: /home/salvatore/ros2_ws/src/install/reseq_interfaces/include/reseq_interfaces/reseq_interfaces/msg/detail/remote__rosidl_typesupport_fastrtps_cpp.hpp
-- Up-to-date: /home/salvatore/ros2_ws/src/install/reseq_interfaces/include/reseq_interfaces/reseq_interfaces/msg/detail/motors__rosidl_typesupport_fastrtps_cpp.hpp
-- Up-to-date: /home/salvatore/ros2_ws/src/install/reseq_interfaces/lib/libreseq_interfaces__rosidl_typesupport_fastrtps_cpp.so
-- Up-to-date: /home/salvatore/ros2_ws/src/install/reseq_interfaces/include/reseq_interfaces/reseq_interfaces
-- Up-to-date: /home/salvatore/ros2_ws/src/install/reseq_interfaces/include/reseq_interfaces/reseq_interfaces/srv
-- Up-to-date: /home/salvatore/ros2_ws/src/install/reseq_interfaces/include/reseq_interfaces/reseq_interfaces/srv/detail
-- Up-to-date: /home/salvatore/ros2_ws/src/install/reseq_interfaces/include/reseq_interfaces/reseq_interfaces/srv/detail/get_status__rosidl_typesupport_introspection_cpp.hpp
-- Up-to-date: /home/salvatore/ros2_ws/src/install/reseq_interfaces/include/reseq_interfaces/reseq_interfaces/srv/detail/compute_coordinate__rosidl_typesupport_introspection_cpp.hpp
-- Up-to-date: /home/salvatore/ros2_ws/src/install/reseq_interfaces/include/reseq_interfaces/reseq_interfaces/srv/detail/compute_coordinate__type_support.cpp
-- Up-to-date: /home/salvatore/ros2_ws/src/install/reseq_interfaces/include/reseq_interfaces/reseq_interfaces/srv/detail/batch_detections2_d__rosidl_typesupport_introspection_cpp.hpp
-- Up-to-date: /home/salvatore/ros2_ws/src/install/reseq_interfaces/include/reseq_interfaces/reseq_interfaces/srv/detail/get_status__type_support.cpp
-- Up-to-date: /home/salvatore/ros2_ws/src/install/reseq_interfaces/include/reseq_interfaces/reseq_interfaces/srv/detail/set_mode__type_support.cpp
-- Up-to-date: /home/salvatore/ros2_ws/src/install/reseq_interfaces/include/reseq_interfaces/reseq_interfaces/srv/detail/batch_detections2_d__type_support.cpp
-- Up-to-date: /home/salvatore/ros2_ws/src/install/reseq_interfaces/include/reseq_interfaces/reseq_interfaces/srv/detail/set_mode__rosidl_typesupport_introspection_cpp.hpp
-- Up-to-date: /home/salvatore/ros2_ws/src/install/reseq_interfaces/include/reseq_interfaces/reseq_interfaces/msg
-- Up-to-date: /home/salvatore/ros2_ws/src/install/reseq_interfaces/include/reseq_interfaces/reseq_interfaces/msg/detail
-- Up-to-date: /home/salvatore/ros2_ws/src/install/reseq_interfaces/include/reseq_interfaces/reseq_interfaces/msg/detail/remote__rosidl_typesupport_introspection_cpp.hpp
-- Up-to-date: /home/salvatore/ros2_ws/src/install/reseq_interfaces/include/reseq_interfaces/reseq_interfaces/msg/detail/remote__type_support.cpp
-- Up-to-date: /home/salvatore/ros2_ws/src/install/reseq_interfaces/include/reseq_interfaces/reseq_interfaces/msg/detail/motors__type_support.cpp
-- Up-to-date: /home/salvatore/ros2_ws/src/install/reseq_interfaces/include/reseq_interfaces/reseq_interfaces/msg/detail/motors__rosidl_typesupport_introspection_cpp.hpp
-- Up-to-date: /home/salvatore/ros2_ws/src/install/reseq_interfaces/include/reseq_interfaces/reseq_interfaces/msg/detail/end_effector__rosidl_typesupport_introspection_cpp.hpp
-- Up-to-date: /home/salvatore/ros2_ws/src/install/reseq_interfaces/include/reseq_interfaces/reseq_interfaces/msg/detail/detection__rosidl_typesupport_introspection_cpp.hpp
-- Up-to-date: /home/salvatore/ros2_ws/src/install/reseq_interfaces/include/reseq_interfaces/reseq_interfaces/msg/detail/detection__type_support.cpp
-- Up-to-date: /home/salvatore/ros2_ws/src/install/reseq_interfaces/include/reseq_interfaces/reseq_interfaces/msg/detail/end_effector__type_support.cpp
-- Up-to-date: /home/salvatore/ros2_ws/src/install/reseq_interfaces/lib/libreseq_interfaces__rosidl_typesupport_introspection_cpp.so
-- Up-to-date: /home/salvatore/ros2_ws/src/install/reseq_interfaces/lib/libreseq_interfaces__rosidl_typesupport_cpp.so
-- Up-to-date: /home/salvatore/ros2_ws/src/install/reseq_interfaces/share/reseq_interfaces/environment/pythonpath.sh
-- Up-to-date: /home/salvatore/ros2_ws/src/install/reseq_interfaces/share/reseq_interfaces/environment/pythonpath.dsv
-- Up-to-date: /home/salvatore/ros2_ws/src/install/reseq_interfaces/lib/python3.12/site-packages/reseq_interfaces-0.0.0-py3.12.egg-info
-- Installing: /home/salvatore/ros2_ws/src/install/reseq_interfaces/lib/python3.12/site-packages/reseq_interfaces-0.0.0-py3.12.egg-info/dependency_links.txt
-- Installing: /home/salvatore/ros2_ws/src/install/reseq_interfaces/lib/python3.12/site-packages/reseq_interfaces-0.0.0-py3.12.egg-info/SOURCES.txt
-- Installing: /home/salvatore/ros2_ws/src/install/reseq_interfaces/lib/python3.12/site-packages/reseq_interfaces-0.0.0-py3.12.egg-info/PKG-INFO
-- Installing: /home/salvatore/ros2_ws/src/install/reseq_interfaces/lib/python3.12/site-packages/reseq_interfaces-0.0.0-py3.12.egg-info/top_level.txt
-- Up-to-date: /home/salvatore/ros2_ws/src/install/reseq_interfaces/lib/python3.12/site-packages/reseq_interfaces
-- Up-to-date: /home/salvatore/ros2_ws/src/install/reseq_interfaces/lib/python3.12/site-packages/reseq_interfaces/reseq_interfaces_s__rosidl_typesupport_fastrtps_c.so
-- Up-to-date: /home/salvatore/ros2_ws/src/install/reseq_interfaces/lib/python3.12/site-packages/reseq_interfaces/_reseq_interfaces_s.ep.rosidl_typesupport_c.c
-- Up-to-date: /home/salvatore/ros2_ws/src/install/reseq_interfaces/lib/python3.12/site-packages/reseq_interfaces/srv
-- Up-to-date: /home/salvatore/ros2_ws/src/install/reseq_interfaces/lib/python3.12/site-packages/reseq_interfaces/srv/_set_mode.py
-- Up-to-date: /home/salvatore/ros2_ws/src/install/reseq_interfaces/lib/python3.12/site-packages/reseq_interfaces/srv/_compute_coordinate_s.c
-- Up-to-date: /home/salvatore/ros2_ws/src/install/reseq_interfaces/lib/python3.12/site-packages/reseq_interfaces/srv/_get_status_s.c
-- Up-to-date: /home/salvatore/ros2_ws/src/install/reseq_interfaces/lib/python3.12/site-packages/reseq_interfaces/srv/_batch_detections2_d.py
-- Up-to-date: /home/salvatore/ros2_ws/src/install/reseq_interfaces/lib/python3.12/site-packages/reseq_interfaces/srv/_get_status.py
-- Up-to-date: /home/salvatore/ros2_ws/src/install/reseq_interfaces/lib/python3.12/site-packages/reseq_interfaces/srv/_set_mode_s.c
-- Up-to-date: /home/salvatore/ros2_ws/src/install/reseq_interfaces/lib/python3.12/site-packages/reseq_interfaces/srv/_batch_detections2_d_s.c
-- Up-to-date: /home/salvatore/ros2_ws/src/install/reseq_interfaces/lib/python3.12/site-packages/reseq_interfaces/srv/__init__.py
-- Up-to-date: /home/salvatore/ros2_ws/src/install/reseq_interfaces/lib/python3.12/site-packages/reseq_interfaces/srv/_compute_coordinate.py
-- Up-to-date: /home/salvatore/ros2_ws/src/install/reseq_interfaces/lib/python3.12/site-packages/reseq_interfaces/reseq_interfaces_s__rosidl_typesupport_introspection_c.so
-- Up-to-date: /home/salvatore/ros2_ws/src/install/reseq_interfaces/lib/python3.12/site-packages/reseq_interfaces/__init__.py
-- Up-to-date: /home/salvatore/ros2_ws/src/install/reseq_interfaces/lib/python3.12/site-packages/reseq_interfaces/reseq_interfaces_s__rosidl_typesupport_c.so
-- Up-to-date: /home/salvatore/ros2_ws/src/install/reseq_interfaces/lib/python3.12/site-packages/reseq_interfaces/_reseq_interfaces_s.ep.rosidl_typesupport_fastrtps_c.c
-- Up-to-date: /home/salvatore/ros2_ws/src/install/reseq_interfaces/lib/python3.12/site-packages/reseq_interfaces/_reseq_interfaces_s.ep.rosidl_typesupport_introspection_c.c
-- Up-to-date: /home/salvatore/ros2_ws/src/install/reseq_interfaces/lib/python3.12/site-packages/reseq_interfaces/msg
-- Up-to-date: /home/salvatore/ros2_ws/src/install/reseq_interfaces/lib/python3.12/site-packages/reseq_interfaces/msg/_remote_s.c
-- Up-to-date: /home/salvatore/ros2_ws/src/install/reseq_interfaces/lib/python3.12/site-packages/reseq_interfaces/msg/_motors.py
-- Up-to-date: /home/salvatore/ros2_ws/src/install/reseq_interfaces/lib/python3.12/site-packages/reseq_interfaces/msg/_end_effector.py
-- Up-to-date: /home/salvatore/ros2_ws/src/install/reseq_interfaces/lib/python3.12/site-packages/reseq_interfaces/msg/_detection_s.c
-- Up-to-date: /home/salvatore/ros2_ws/src/install/reseq_interfaces/lib/python3.12/site-packages/reseq_interfaces/msg/_detection.py
-- Up-to-date: /home/salvatore/ros2_ws/src/install/reseq_interfaces/lib/python3.12/site-packages/reseq_interfaces/msg/_end_effector_s.c
-- Up-to-date: /home/salvatore/ros2_ws/src/install/reseq_interfaces/lib/python3.12/site-packages/reseq_interfaces/msg/_remote.py
-- Up-to-date: /home/salvatore/ros2_ws/src/install/reseq_interfaces/lib/python3.12/site-packages/reseq_interfaces/msg/__init__.py
-- Up-to-date: /home/salvatore/ros2_ws/src/install/reseq_interfaces/lib/python3.12/site-packages/reseq_interfaces/msg/_motors_s.c
Listing '/home/salvatore/ros2_ws/src/install/reseq_interfaces/lib/python3.12/site-packages/reseq_interfaces'...
Listing '/home/salvatore/ros2_ws/src/install/reseq_interfaces/lib/python3.12/site-packages/reseq_interfaces/msg'...
Listing '/home/salvatore/ros2_ws/src/install/reseq_interfaces/lib/python3.12/site-packages/reseq_interfaces/srv'...
-- Up-to-date: /home/salvatore/ros2_ws/src/install/reseq_interfaces/lib/python3.12/site-packages/reseq_interfaces/reseq_interfaces_s__rosidl_typesupport_fastrtps_c.so
-- Up-to-date: /home/salvatore/ros2_ws/src/install/reseq_interfaces/lib/python3.12/site-packages/reseq_interfaces/reseq_interfaces_s__rosidl_typesupport_introspection_c.so
-- Up-to-date: /home/salvatore/ros2_ws/src/install/reseq_interfaces/lib/python3.12/site-packages/reseq_interfaces/reseq_interfaces_s__rosidl_typesupport_c.so
-- Up-to-date: /home/salvatore/ros2_ws/src/install/reseq_interfaces/lib/libreseq_interfaces__rosidl_generator_py.so
-- Up-to-date: /home/salvatore/ros2_ws/src/install/reseq_interfaces/share/reseq_interfaces/msg/Motors.idl
-- Up-to-date: /home/salvatore/ros2_ws/src/install/reseq_interfaces/share/reseq_interfaces/msg/Remote.idl
-- Up-to-date: /home/salvatore/ros2_ws/src/install/reseq_interfaces/share/reseq_interfaces/msg/EndEffector.idl
-- Up-to-date: /home/salvatore/ros2_ws/src/install/reseq_interfaces/share/reseq_interfaces/msg/Detection.idl
-- Up-to-date: /home/salvatore/ros2_ws/src/install/reseq_interfaces/share/reseq_interfaces/srv/BatchDetections2D.idl
-- Up-to-date: /home/salvatore/ros2_ws/src/install/reseq_interfaces/share/reseq_interfaces/srv/SetMode.idl
-- Up-to-date: /home/salvatore/ros2_ws/src/install/reseq_interfaces/share/reseq_interfaces/srv/GetStatus.idl
-- Up-to-date: /home/salvatore/ros2_ws/src/install/reseq_interfaces/share/reseq_interfaces/srv/ComputeCoordinate.idl
-- Up-to-date: /home/salvatore/ros2_ws/src/install/reseq_interfaces/share/reseq_interfaces/msg/Motors.msg
-- Up-to-date: /home/salvatore/ros2_ws/src/install/reseq_interfaces/share/reseq_interfaces/msg/Remote.msg
-- Up-to-date: /home/salvatore/ros2_ws/src/install/reseq_interfaces/share/reseq_interfaces/msg/EndEffector.msg
-- Up-to-date: /home/salvatore/ros2_ws/src/install/reseq_interfaces/share/reseq_interfaces/msg/Detection.msg
-- Up-to-date: /home/salvatore/ros2_ws/src/install/reseq_interfaces/share/reseq_interfaces/srv/BatchDetections2D.srv
-- Up-to-date: /home/salvatore/ros2_ws/src/install/reseq_interfaces/share/reseq_interfaces/srv/SetMode.srv
-- Up-to-date: /home/salvatore/ros2_ws/src/install/reseq_interfaces/share/reseq_interfaces/srv/GetStatus.srv
-- Up-to-date: /home/salvatore/ros2_ws/src/install/reseq_interfaces/share/reseq_interfaces/srv/ComputeCoordinate.srv
-- Up-to-date: /home/salvatore/ros2_ws/src/install/reseq_interfaces/share/ament_index/resource_index/package_run_dependencies/reseq_interfaces
-- Up-to-date: /home/salvatore/ros2_ws/src/install/reseq_interfaces/share/ament_index/resource_index/parent_prefix_path/reseq_interfaces
-- Up-to-date: /home/salvatore/ros2_ws/src/install/reseq_interfaces/share/reseq_interfaces/environment/ament_prefix_path.sh
-- Up-to-date: /home/salvatore/ros2_ws/src/install/reseq_interfaces/share/reseq_interfaces/environment/ament_prefix_path.dsv
-- Up-to-date: /home/salvatore/ros2_ws/src/install/reseq_interfaces/share/reseq_interfaces/environment/path.sh
-- Up-to-date: /home/salvatore/ros2_ws/src/install/reseq_interfaces/share/reseq_interfaces/environment/path.dsv
-- Up-to-date: /home/salvatore/ros2_ws/src/install/reseq_interfaces/share/reseq_interfaces/local_setup.bash
-- Up-to-date: /home/salvatore/ros2_ws/src/install/reseq_interfaces/share/reseq_interfaces/local_setup.sh
-- Up-to-date: /home/salvatore/ros2_ws/src/install/reseq_interfaces/share/reseq_interfaces/local_setup.zsh
-- Up-to-date: /home/salvatore/ros2_ws/src/install/reseq_interfaces/share/reseq_interfaces/local_setup.dsv
-- Installing: /home/salvatore/ros2_ws/src/install/reseq_interfaces/share/reseq_interfaces/package.dsv
-- Up-to-date: /home/salvatore/ros2_ws/src/install/reseq_interfaces/share/ament_index/resource_index/packages/reseq_interfaces
-- Up-to-date: /home/salvatore/ros2_ws/src/install/reseq_interfaces/share/reseq_interfaces/cmake/export_reseq_interfaces__rosidl_generator_cExport.cmake
-- Up-to-date: /home/salvatore/ros2_ws/src/install/reseq_interfaces/share/reseq_interfaces/cmake/export_reseq_interfaces__rosidl_generator_cExport-noconfig.cmake
-- Up-to-date: /home/salvatore/ros2_ws/src/install/reseq_interfaces/share/reseq_interfaces/cmake/export_reseq_interfaces__rosidl_typesupport_fastrtps_cExport.cmake
-- Up-to-date: /home/salvatore/ros2_ws/src/install/reseq_interfaces/share/reseq_interfaces/cmake/export_reseq_interfaces__rosidl_typesupport_fastrtps_cExport-noconfig.cmake
-- Up-to-date: /home/salvatore/ros2_ws/src/install/reseq_interfaces/share/reseq_interfaces/cmake/reseq_interfaces__rosidl_typesupport_introspection_cExport.cmake
-- Up-to-date: /home/salvatore/ros2_ws/src/install/reseq_interfaces/share/reseq_interfaces/cmake/reseq_interfaces__rosidl_typesupport_introspection_cExport-noconfig.cmake
-- Up-to-date: /home/salvatore/ros2_ws/src/install/reseq_interfaces/share/reseq_interfaces/cmake/reseq_interfaces__rosidl_typesupport_cExport.cmake
-- Up-to-date: /home/salvatore/ros2_ws/src/install/reseq_interfaces/share/reseq_interfaces/cmake/reseq_interfaces__rosidl_typesupport_cExport-noconfig.cmake
-- Up-to-date: /home/salvatore/ros2_ws/src/install/reseq_interfaces/share/reseq_interfaces/cmake/export_reseq_interfaces__rosidl_generator_cppExport.cmake
-- Up-to-date: /home/salvatore/ros2_ws/src/install/reseq_interfaces/share/reseq_interfaces/cmake/export_reseq_interfaces__rosidl_typesupport_fastrtps_cppExport.cmake
-- Up-to-date: /home/salvatore/ros2_ws/src/install/reseq_interfaces/share/reseq_interfaces/cmake/export_reseq_interfaces__rosidl_typesupport_fastrtps_cppExport-noconfig.cmake
-- Up-to-date: /home/salvatore/ros2_ws/src/install/reseq_interfaces/share/reseq_interfaces/cmake/reseq_interfaces__rosidl_typesupport_introspection_cppExport.cmake
-- Up-to-date: /home/salvatore/ros2_ws/src/install/reseq_interfaces/share/reseq_interfaces/cmake/reseq_interfaces__rosidl_typesupport_introspection_cppExport-noconfig.cmake
-- Up-to-date: /home/salvatore/ros2_ws/src/install/reseq_interfaces/share/reseq_interfaces/cmake/reseq_interfaces__rosidl_typesupport_cppExport.cmake
-- Up-to-date: /home/salvatore/ros2_ws/src/install/reseq_interfaces/share/reseq_interfaces/cmake/reseq_interfaces__rosidl_typesupport_cppExport-noconfig.cmake
-- Up-to-date: /home/salvatore/ros2_ws/src/install/reseq_interfaces/share/reseq_interfaces/cmake/export_reseq_interfaces__rosidl_generator_pyExport.cmake
-- Up-to-date: /home/salvatore/ros2_ws/src/install/reseq_interfaces/share/reseq_interfaces/cmake/export_reseq_interfaces__rosidl_generator_pyExport-noconfig.cmake
-- Up-to-date: /home/salvatore/ros2_ws/src/install/reseq_interfaces/share/reseq_interfaces/cmake/rosidl_cmake-extras.cmake
-- Up-to-date: /home/salvatore/ros2_ws/src/install/reseq_interfaces/share/reseq_interfaces/cmake/ament_cmake_export_dependencies-extras.cmake
-- Up-to-date: /home/salvatore/ros2_ws/src/install/reseq_interfaces/share/reseq_interfaces/cmake/ament_cmake_export_include_directories-extras.cmake
-- Up-to-date: /home/salvatore/ros2_ws/src/install/reseq_interfaces/share/reseq_interfaces/cmake/ament_cmake_export_libraries-extras.cmake
-- Up-to-date: /home/salvatore/ros2_ws/src/install/reseq_interfaces/share/reseq_interfaces/cmake/ament_cmake_export_targets-extras.cmake
-- Up-to-date: /home/salvatore/ros2_ws/src/install/reseq_interfaces/share/reseq_interfaces/cmake/rosidl_cmake_export_typesupport_targets-extras.cmake
-- Up-to-date: /home/salvatore/ros2_ws/src/install/reseq_interfaces/share/reseq_interfaces/cmake/rosidl_cmake_export_typesupport_libraries-extras.cmake
-- Up-to-date: /home/salvatore/ros2_ws/src/install/reseq_interfaces/share/reseq_interfaces/cmake/reseq_interfacesConfig.cmake
-- Up-to-date: /home/salvatore/ros2_ws/src/install/reseq_interfaces/share/reseq_interfaces/cmake/reseq_interfacesConfig-version.cmake
-- Up-to-date: /home/salvatore/ros2_ws/src/install/reseq_interfaces/share/reseq_interfaces/package.xml
