[0.013s] Invoking command in '/home/salvatore/ros2_ws/src/build/reseq_interfaces': CMAKE_PREFIX_PATH=${CMAKE_PREFIX_PATH}:/home/salvatore/ros2_ws/install/reseq_ros2:/opt/ros/jazzy DEBUGINFOD_URLS=https://debuginfod.ubuntu.com /usr/bin/cmake --build /home/salvatore/ros2_ws/src/build/reseq_interfaces -- -j4 -l4
[0.074s] [  1%] Built target reseq_interfaces__rosidl_generator_type_description
[0.080s] [  1%] Built target ament_cmake_python_copy_reseq_interfaces
[0.096s] [  1%] Built target reseq_interfaces__cpp
[0.102s] [ 26%] Built target reseq_interfaces__rosidl_generator_c
[0.137s] [ 35%] Built target reseq_interfaces__rosidl_typesupport_introspection_c
[0.139s] [ 44%] Built target reseq_interfaces__rosidl_typesupport_cpp
[0.148s] [ 54%] Built target reseq_interfaces__rosidl_typesupport_fastrtps_c
[0.158s] [ 64%] Built target reseq_interfaces__rosidl_typesupport_c
[0.168s] [ 74%] Built target reseq_interfaces__rosidl_typesupport_fastrtps_cpp
[0.176s] [ 84%] Built target reseq_interfaces__rosidl_typesupport_introspection_cpp
[0.192s] [ 84%] Built target reseq_interfaces
[0.208s] [ 85%] Built target reseq_interfaces__py
[0.239s] [ 94%] Built target reseq_interfaces__rosidl_generator_py
[0.260s] [ 98%] Built target reseq_interfaces_s__rosidl_typesupport_introspection_c
[0.260s] [ 98%] Built target reseq_interfaces_s__rosidl_typesupport_fastrtps_c
[0.261s] [100%] Built target reseq_interfaces_s__rosidl_typesupport_c
[0.271s] running egg_info
[0.284s] writing reseq_interfaces.egg-info/PKG-INFO
[0.285s] writing dependency_links to reseq_interfaces.egg-info/dependency_links.txt
[0.285s] writing top-level names to reseq_interfaces.egg-info/top_level.txt
[0.321s] reading manifest file 'reseq_interfaces.egg-info/SOURCES.txt'
[0.321s] writing manifest file 'reseq_interfaces.egg-info/SOURCES.txt'
[0.347s] [100%] Built target ament_cmake_python_build_reseq_interfaces_egg
[0.357s] Invoked command in '/home/salvatore/ros2_ws/src/build/reseq_interfaces' returned '0': CMAKE_PREFIX_PATH=${CMAKE_PREFIX_PATH}:/home/salvatore/ros2_ws/install/reseq_ros2:/opt/ros/jazzy DEBUGINFOD_URLS=https://debuginfod.ubuntu.com /usr/bin/cmake --build /home/salvatore/ros2_ws/src/build/reseq_interfaces -- -j4 -l4
[0.364s] Invoking command in '/home/salvatore/ros2_ws/src/build/reseq_interfaces': CMAKE_PREFIX_PATH=${CMAKE_PREFIX_PATH}:/home/salvatore/ros2_ws/install/reseq_ros2:/opt/ros/jazzy DEBUGINFOD_URLS=https://debuginfod.ubuntu.com /usr/bin/cmake --install /home/salvatore/ros2_ws/src/build/reseq_interfaces
[0.370s] -- Install configuration: ""
[0.370s] -- Up-to-date: /home/salvatore/ros2_ws/src/install/reseq_interfaces/share/ament_index/resource_index/rosidl_interfaces/reseq_interfaces
[0.371s] -- Up-to-date: /home/salvatore/ros2_ws/src/install/reseq_interfaces/share/reseq_interfaces/msg/Motors.json
[0.371s] -- Up-to-date: /home/salvatore/ros2_ws/src/install/reseq_interfaces/share/reseq_interfaces/msg/Remote.json
[0.371s] -- Up-to-date: /home/salvatore/ros2_ws/src/install/reseq_interfaces/share/reseq_interfaces/msg/EndEffector.json
[0.371s] -- Up-to-date: /home/salvatore/ros2_ws/src/install/reseq_interfaces/share/reseq_interfaces/msg/Detection.json
[0.371s] -- Up-to-date: /home/salvatore/ros2_ws/src/install/reseq_interfaces/share/reseq_interfaces/srv/BatchDetections2D.json
[0.371s] -- Up-to-date: /home/salvatore/ros2_ws/src/install/reseq_interfaces/share/reseq_interfaces/srv/SetMode.json
[0.371s] -- Up-to-date: /home/salvatore/ros2_ws/src/install/reseq_interfaces/share/reseq_interfaces/srv/GetStatus.json
[0.371s] -- Up-to-date: /home/salvatore/ros2_ws/src/install/reseq_interfaces/share/reseq_interfaces/srv/ComputeCoordinate.json
[0.371s] -- Up-to-date: /home/salvatore/ros2_ws/src/install/reseq_interfaces/include/reseq_interfaces/reseq_interfaces
[0.371s] -- Up-to-date: /home/salvatore/ros2_ws/src/install/reseq_interfaces/include/reseq_interfaces/reseq_interfaces/srv
[0.371s] -- Up-to-date: /home/salvatore/ros2_ws/src/install/reseq_interfaces/include/reseq_interfaces/reseq_interfaces/srv/detail
[0.371s] -- Up-to-date: /home/salvatore/ros2_ws/src/install/reseq_interfaces/include/reseq_interfaces/reseq_interfaces/srv/detail/get_status__type_support.c
[0.371s] -- Up-to-date: /home/salvatore/ros2_ws/src/install/reseq_interfaces/include/reseq_interfaces/reseq_interfaces/srv/detail/get_status__functions.h
[0.371s] -- Up-to-date: /home/salvatore/ros2_ws/src/install/reseq_interfaces/include/reseq_interfaces/reseq_interfaces/srv/detail/get_status__description.c
[0.372s] -- Up-to-date: /home/salvatore/ros2_ws/src/install/reseq_interfaces/include/reseq_interfaces/reseq_interfaces/srv/detail/batch_detections2_d__functions.c
[0.372s] -- Up-to-date: /home/salvatore/ros2_ws/src/install/reseq_interfaces/include/reseq_interfaces/reseq_interfaces/srv/detail/set_mode__functions.h
[0.372s] -- Up-to-date: /home/salvatore/ros2_ws/src/install/reseq_interfaces/include/reseq_interfaces/reseq_interfaces/srv/detail/batch_detections2_d__type_support.c
[0.372s] -- Up-to-date: /home/salvatore/ros2_ws/src/install/reseq_interfaces/include/reseq_interfaces/reseq_interfaces/srv/detail/set_mode__type_support.c
[0.372s] -- Up-to-date: /home/salvatore/ros2_ws/src/install/reseq_interfaces/include/reseq_interfaces/reseq_interfaces/srv/detail/compute_coordinate__description.c
[0.372s] -- Up-to-date: /home/salvatore/ros2_ws/src/install/reseq_interfaces/include/reseq_interfaces/reseq_interfaces/srv/detail/compute_coordinate__struct.h
[0.372s] -- Up-to-date: /home/salvatore/ros2_ws/src/install/reseq_interfaces/include/reseq_interfaces/reseq_interfaces/srv/detail/compute_coordinate__type_support.c
[0.372s] -- Up-to-date: /home/salvatore/ros2_ws/src/install/reseq_interfaces/include/reseq_interfaces/reseq_interfaces/srv/detail/set_mode__type_support.h
[0.372s] -- Up-to-date: /home/salvatore/ros2_ws/src/install/reseq_interfaces/include/reseq_interfaces/reseq_interfaces/srv/detail/get_status__type_support.h
[0.372s] -- Up-to-date: /home/salvatore/ros2_ws/src/install/reseq_interfaces/include/reseq_interfaces/reseq_interfaces/srv/detail/batch_detections2_d__functions.h
[0.372s] -- Up-to-date: /home/salvatore/ros2_ws/src/install/reseq_interfaces/include/reseq_interfaces/reseq_interfaces/srv/detail/batch_detections2_d__type_support.h
[0.372s] -- Up-to-date: /home/salvatore/ros2_ws/src/install/reseq_interfaces/include/reseq_interfaces/reseq_interfaces/srv/detail/set_mode__struct.h
[0.372s] -- Up-to-date: /home/salvatore/ros2_ws/src/install/reseq_interfaces/include/reseq_interfaces/reseq_interfaces/srv/detail/batch_detections2_d__description.c
[0.372s] -- Up-to-date: /home/salvatore/ros2_ws/src/install/reseq_interfaces/include/reseq_interfaces/reseq_interfaces/srv/detail/set_mode__description.c
[0.372s] -- Up-to-date: /home/salvatore/ros2_ws/src/install/reseq_interfaces/include/reseq_interfaces/reseq_interfaces/srv/detail/get_status__functions.c
[0.372s] -- Up-to-date: /home/salvatore/ros2_ws/src/install/reseq_interfaces/include/reseq_interfaces/reseq_interfaces/srv/detail/compute_coordinate__functions.h
[0.372s] -- Up-to-date: /home/salvatore/ros2_ws/src/install/reseq_interfaces/include/reseq_interfaces/reseq_interfaces/srv/detail/compute_coordinate__functions.c
[0.372s] -- Up-to-date: /home/salvatore/ros2_ws/src/install/reseq_interfaces/include/reseq_interfaces/reseq_interfaces/srv/detail/batch_detections2_d__struct.h
[0.372s] -- Up-to-date: /home/salvatore/ros2_ws/src/install/reseq_interfaces/include/reseq_interfaces/reseq_interfaces/srv/detail/compute_coordinate__type_support.h
[0.372s] -- Up-to-date: /home/salvatore/ros2_ws/src/install/reseq_interfaces/include/reseq_interfaces/reseq_interfaces/srv/detail/get_status__struct.h
[0.372s] -- Up-to-date: /home/salvatore/ros2_ws/src/install/reseq_interfaces/include/reseq_interfaces/reseq_interfaces/srv/detail/set_mode__functions.c
[0.373s] -- Up-to-date: /home/salvatore/ros2_ws/src/install/reseq_interfaces/include/reseq_interfaces/reseq_interfaces/srv/batch_detections2_d.h
[0.373s] -- Up-to-date: /home/salvatore/ros2_ws/src/install/reseq_interfaces/include/reseq_interfaces/reseq_interfaces/srv/get_status.h
[0.373s] -- Up-to-date: /home/salvatore/ros2_ws/src/install/reseq_interfaces/include/reseq_interfaces/reseq_interfaces/srv/compute_coordinate.h
[0.373s] -- Up-to-date: /home/salvatore/ros2_ws/src/install/reseq_interfaces/include/reseq_interfaces/reseq_interfaces/srv/set_mode.h
[0.373s] -- Up-to-date: /home/salvatore/ros2_ws/src/install/reseq_interfaces/include/reseq_interfaces/reseq_interfaces/msg
[0.373s] -- Up-to-date: /home/salvatore/ros2_ws/src/install/reseq_interfaces/include/reseq_interfaces/reseq_interfaces/msg/detail
[0.373s] -- Up-to-date: /home/salvatore/ros2_ws/src/install/reseq_interfaces/include/reseq_interfaces/reseq_interfaces/msg/detail/detection__struct.h
[0.373s] -- Up-to-date: /home/salvatore/ros2_ws/src/install/reseq_interfaces/include/reseq_interfaces/reseq_interfaces/msg/detail/motors__type_support.h
[0.373s] -- Up-to-date: /home/salvatore/ros2_ws/src/install/reseq_interfaces/include/reseq_interfaces/reseq_interfaces/msg/detail/end_effector__functions.c
[0.373s] -- Up-to-date: /home/salvatore/ros2_ws/src/install/reseq_interfaces/include/reseq_interfaces/reseq_interfaces/msg/detail/remote__type_support.c
[0.373s] -- Up-to-date: /home/salvatore/ros2_ws/src/install/reseq_interfaces/include/reseq_interfaces/reseq_interfaces/msg/detail/remote__description.c
[0.373s] -- Up-to-date: /home/salvatore/ros2_ws/src/install/reseq_interfaces/include/reseq_interfaces/reseq_interfaces/msg/detail/remote__type_support.h
[0.373s] -- Up-to-date: /home/salvatore/ros2_ws/src/install/reseq_interfaces/include/reseq_interfaces/reseq_interfaces/msg/detail/motors__description.c
[0.373s] -- Up-to-date: /home/salvatore/ros2_ws/src/install/reseq_interfaces/include/reseq_interfaces/reseq_interfaces/msg/detail/end_effector__description.c
[0.373s] -- Up-to-date: /home/salvatore/ros2_ws/src/install/reseq_interfaces/include/reseq_interfaces/reseq_interfaces/msg/detail/detection__type_support.h
[0.373s] -- Up-to-date: /home/salvatore/ros2_ws/src/install/reseq_interfaces/include/reseq_interfaces/reseq_interfaces/msg/detail/detection__type_support.c
[0.373s] -- Up-to-date: /home/salvatore/ros2_ws/src/install/reseq_interfaces/include/reseq_interfaces/reseq_interfaces/msg/detail/end_effector__type_support.h
[0.373s] -- Up-to-date: /home/salvatore/ros2_ws/src/install/reseq_interfaces/include/reseq_interfaces/reseq_interfaces/msg/detail/motors__type_support.c
[0.374s] -- Up-to-date: /home/salvatore/ros2_ws/src/install/reseq_interfaces/include/reseq_interfaces/reseq_interfaces/msg/detail/remote__functions.c
[0.374s] -- Up-to-date: /home/salvatore/ros2_ws/src/install/reseq_interfaces/include/reseq_interfaces/reseq_interfaces/msg/detail/end_effector__functions.h
[0.374s] -- Up-to-date: /home/salvatore/ros2_ws/src/install/reseq_interfaces/include/reseq_interfaces/reseq_interfaces/msg/detail/detection__functions.c
[0.374s] -- Up-to-date: /home/salvatore/ros2_ws/src/install/reseq_interfaces/include/reseq_interfaces/reseq_interfaces/msg/detail/end_effector__type_support.c
[0.374s] -- Up-to-date: /home/salvatore/ros2_ws/src/install/reseq_interfaces/include/reseq_interfaces/reseq_interfaces/msg/detail/end_effector__struct.h
[0.374s] -- Up-to-date: /home/salvatore/ros2_ws/src/install/reseq_interfaces/include/reseq_interfaces/reseq_interfaces/msg/detail/motors__functions.c
[0.374s] -- Up-to-date: /home/salvatore/ros2_ws/src/install/reseq_interfaces/include/reseq_interfaces/reseq_interfaces/msg/detail/remote__functions.h
[0.374s] -- Up-to-date: /home/salvatore/ros2_ws/src/install/reseq_interfaces/include/reseq_interfaces/reseq_interfaces/msg/detail/detection__description.c
[0.374s] -- Up-to-date: /home/salvatore/ros2_ws/src/install/reseq_interfaces/include/reseq_interfaces/reseq_interfaces/msg/detail/detection__functions.h
[0.374s] -- Up-to-date: /home/salvatore/ros2_ws/src/install/reseq_interfaces/include/reseq_interfaces/reseq_interfaces/msg/detail/remote__struct.h
[0.374s] -- Up-to-date: /home/salvatore/ros2_ws/src/install/reseq_interfaces/include/reseq_interfaces/reseq_interfaces/msg/detail/motors__functions.h
[0.374s] -- Up-to-date: /home/salvatore/ros2_ws/src/install/reseq_interfaces/include/reseq_interfaces/reseq_interfaces/msg/detail/motors__struct.h
[0.374s] -- Up-to-date: /home/salvatore/ros2_ws/src/install/reseq_interfaces/include/reseq_interfaces/reseq_interfaces/msg/detection.h
[0.374s] -- Up-to-date: /home/salvatore/ros2_ws/src/install/reseq_interfaces/include/reseq_interfaces/reseq_interfaces/msg/rosidl_generator_c__visibility_control.h
[0.375s] -- Up-to-date: /home/salvatore/ros2_ws/src/install/reseq_interfaces/include/reseq_interfaces/reseq_interfaces/msg/end_effector.h
[0.375s] -- Up-to-date: /home/salvatore/ros2_ws/src/install/reseq_interfaces/include/reseq_interfaces/reseq_interfaces/msg/remote.h
[0.375s] -- Up-to-date: /home/salvatore/ros2_ws/src/install/reseq_interfaces/include/reseq_interfaces/reseq_interfaces/msg/motors.h
[0.375s] -- Up-to-date: /home/salvatore/ros2_ws/src/install/reseq_interfaces/share/reseq_interfaces/environment/library_path.sh
[0.375s] -- Up-to-date: /home/salvatore/ros2_ws/src/install/reseq_interfaces/share/reseq_interfaces/environment/library_path.dsv
[0.375s] -- Up-to-date: /home/salvatore/ros2_ws/src/install/reseq_interfaces/lib/libreseq_interfaces__rosidl_generator_c.so
[0.375s] -- Up-to-date: /home/salvatore/ros2_ws/src/install/reseq_interfaces/include/reseq_interfaces/reseq_interfaces
[0.375s] -- Up-to-date: /home/salvatore/ros2_ws/src/install/reseq_interfaces/include/reseq_interfaces/reseq_interfaces/srv
[0.375s] -- Up-to-date: /home/salvatore/ros2_ws/src/install/reseq_interfaces/include/reseq_interfaces/reseq_interfaces/srv/detail
[0.375s] -- Up-to-date: /home/salvatore/ros2_ws/src/install/reseq_interfaces/include/reseq_interfaces/reseq_interfaces/srv/detail/batch_detections2_d__rosidl_typesupport_fastrtps_c.h
[0.375s] -- Up-to-date: /home/salvatore/ros2_ws/src/install/reseq_interfaces/include/reseq_interfaces/reseq_interfaces/srv/detail/compute_coordinate__rosidl_typesupport_fastrtps_c.h
[0.375s] -- Up-to-date: /home/salvatore/ros2_ws/src/install/reseq_interfaces/include/reseq_interfaces/reseq_interfaces/srv/detail/get_status__rosidl_typesupport_fastrtps_c.h
[0.375s] -- Up-to-date: /home/salvatore/ros2_ws/src/install/reseq_interfaces/include/reseq_interfaces/reseq_interfaces/srv/detail/set_mode__rosidl_typesupport_fastrtps_c.h
[0.375s] -- Up-to-date: /home/salvatore/ros2_ws/src/install/reseq_interfaces/include/reseq_interfaces/reseq_interfaces/msg
[0.375s] -- Up-to-date: /home/salvatore/ros2_ws/src/install/reseq_interfaces/include/reseq_interfaces/reseq_interfaces/msg/detail
[0.375s] -- Up-to-date: /home/salvatore/ros2_ws/src/install/reseq_interfaces/include/reseq_interfaces/reseq_interfaces/msg/detail/remote__rosidl_typesupport_fastrtps_c.h
[0.375s] -- Up-to-date: /home/salvatore/ros2_ws/src/install/reseq_interfaces/include/reseq_interfaces/reseq_interfaces/msg/detail/end_effector__rosidl_typesupport_fastrtps_c.h
[0.375s] -- Up-to-date: /home/salvatore/ros2_ws/src/install/reseq_interfaces/include/reseq_interfaces/reseq_interfaces/msg/detail/detection__rosidl_typesupport_fastrtps_c.h
[0.375s] -- Up-to-date: /home/salvatore/ros2_ws/src/install/reseq_interfaces/include/reseq_interfaces/reseq_interfaces/msg/detail/motors__rosidl_typesupport_fastrtps_c.h
[0.376s] -- Up-to-date: /home/salvatore/ros2_ws/src/install/reseq_interfaces/include/reseq_interfaces/reseq_interfaces/msg/rosidl_typesupport_fastrtps_c__visibility_control.h
[0.376s] -- Up-to-date: /home/salvatore/ros2_ws/src/install/reseq_interfaces/lib/libreseq_interfaces__rosidl_typesupport_fastrtps_c.so
[0.376s] -- Up-to-date: /home/salvatore/ros2_ws/src/install/reseq_interfaces/include/reseq_interfaces/reseq_interfaces
[0.376s] -- Up-to-date: /home/salvatore/ros2_ws/src/install/reseq_interfaces/include/reseq_interfaces/reseq_interfaces/srv
[0.376s] -- Up-to-date: /home/salvatore/ros2_ws/src/install/reseq_interfaces/include/reseq_interfaces/reseq_interfaces/srv/detail
[0.376s] -- Up-to-date: /home/salvatore/ros2_ws/src/install/reseq_interfaces/include/reseq_interfaces/reseq_interfaces/srv/detail/get_status__type_support.c
[0.376s] -- Up-to-date: /home/salvatore/ros2_ws/src/install/reseq_interfaces/include/reseq_interfaces/reseq_interfaces/srv/detail/compute_coordinate__rosidl_typesupport_introspection_c.h
[0.376s] -- Up-to-date: /home/salvatore/ros2_ws/src/install/reseq_interfaces/include/reseq_interfaces/reseq_interfaces/srv/detail/batch_detections2_d__type_support.c
[0.376s] -- Up-to-date: /home/salvatore/ros2_ws/src/install/reseq_interfaces/include/reseq_interfaces/reseq_interfaces/srv/detail/set_mode__type_support.c
[0.376s] -- Up-to-date: /home/salvatore/ros2_ws/src/install/reseq_interfaces/include/reseq_interfaces/reseq_interfaces/srv/detail/compute_coordinate__type_support.c
[0.376s] -- Up-to-date: /home/salvatore/ros2_ws/src/install/reseq_interfaces/include/reseq_interfaces/reseq_interfaces/srv/detail/batch_detections2_d__rosidl_typesupport_introspection_c.h
[0.376s] -- Up-to-date: /home/salvatore/ros2_ws/src/install/reseq_interfaces/include/reseq_interfaces/reseq_interfaces/srv/detail/set_mode__rosidl_typesupport_introspection_c.h
[0.376s] -- Up-to-date: /home/salvatore/ros2_ws/src/install/reseq_interfaces/include/reseq_interfaces/reseq_interfaces/srv/detail/get_status__rosidl_typesupport_introspection_c.h
[0.376s] -- Up-to-date: /home/salvatore/ros2_ws/src/install/reseq_interfaces/include/reseq_interfaces/reseq_interfaces/msg
[0.376s] -- Up-to-date: /home/salvatore/ros2_ws/src/install/reseq_interfaces/include/reseq_interfaces/reseq_interfaces/msg/detail
[0.376s] -- Up-to-date: /home/salvatore/ros2_ws/src/install/reseq_interfaces/include/reseq_interfaces/reseq_interfaces/msg/detail/remote__type_support.c
[0.376s] -- Up-to-date: /home/salvatore/ros2_ws/src/install/reseq_interfaces/include/reseq_interfaces/reseq_interfaces/msg/detail/end_effector__rosidl_typesupport_introspection_c.h
[0.376s] -- Up-to-date: /home/salvatore/ros2_ws/src/install/reseq_interfaces/include/reseq_interfaces/reseq_interfaces/msg/detail/detection__type_support.c
[0.376s] -- Up-to-date: /home/salvatore/ros2_ws/src/install/reseq_interfaces/include/reseq_interfaces/reseq_interfaces/msg/detail/remote__rosidl_typesupport_introspection_c.h
[0.376s] -- Up-to-date: /home/salvatore/ros2_ws/src/install/reseq_interfaces/include/reseq_interfaces/reseq_interfaces/msg/detail/motors__type_support.c
[0.377s] -- Up-to-date: /home/salvatore/ros2_ws/src/install/reseq_interfaces/include/reseq_interfaces/reseq_interfaces/msg/detail/end_effector__type_support.c
[0.377s] -- Up-to-date: /home/salvatore/ros2_ws/src/install/reseq_interfaces/include/reseq_interfaces/reseq_interfaces/msg/detail/detection__rosidl_typesupport_introspection_c.h
[0.377s] -- Up-to-date: /home/salvatore/ros2_ws/src/install/reseq_interfaces/include/reseq_interfaces/reseq_interfaces/msg/detail/motors__rosidl_typesupport_introspection_c.h
[0.377s] -- Up-to-date: /home/salvatore/ros2_ws/src/install/reseq_interfaces/include/reseq_interfaces/reseq_interfaces/msg/rosidl_typesupport_introspection_c__visibility_control.h
[0.377s] -- Up-to-date: /home/salvatore/ros2_ws/src/install/reseq_interfaces/lib/libreseq_interfaces__rosidl_typesupport_introspection_c.so
[0.377s] -- Up-to-date: /home/salvatore/ros2_ws/src/install/reseq_interfaces/lib/libreseq_interfaces__rosidl_typesupport_c.so
[0.377s] -- Up-to-date: /home/salvatore/ros2_ws/src/install/reseq_interfaces/include/reseq_interfaces/reseq_interfaces
[0.377s] -- Up-to-date: /home/salvatore/ros2_ws/src/install/reseq_interfaces/include/reseq_interfaces/reseq_interfaces/srv
[0.377s] -- Up-to-date: /home/salvatore/ros2_ws/src/install/reseq_interfaces/include/reseq_interfaces/reseq_interfaces/srv/detail
[0.377s] -- Up-to-date: /home/salvatore/ros2_ws/src/install/reseq_interfaces/include/reseq_interfaces/reseq_interfaces/srv/detail/set_mode__traits.hpp
[0.377s] -- Up-to-date: /home/salvatore/ros2_ws/src/install/reseq_interfaces/include/reseq_interfaces/reseq_interfaces/srv/detail/set_mode__type_support.hpp
[0.377s] -- Up-to-date: /home/salvatore/ros2_ws/src/install/reseq_interfaces/include/reseq_interfaces/reseq_interfaces/srv/detail/compute_coordinate__builder.hpp
[0.378s] -- Up-to-date: /home/salvatore/ros2_ws/src/install/reseq_interfaces/include/reseq_interfaces/reseq_interfaces/srv/detail/get_status__struct.hpp
[0.378s] -- Up-to-date: /home/salvatore/ros2_ws/src/install/reseq_interfaces/include/reseq_interfaces/reseq_interfaces/srv/detail/get_status__type_support.hpp
[0.378s] -- Up-to-date: /home/salvatore/ros2_ws/src/install/reseq_interfaces/include/reseq_interfaces/reseq_interfaces/srv/detail/set_mode__builder.hpp
[0.378s] -- Up-to-date: /home/salvatore/ros2_ws/src/install/reseq_interfaces/include/reseq_interfaces/reseq_interfaces/srv/detail/batch_detections2_d__struct.hpp
[0.378s] -- Up-to-date: /home/salvatore/ros2_ws/src/install/reseq_interfaces/include/reseq_interfaces/reseq_interfaces/srv/detail/get_status__builder.hpp
[0.378s] -- Up-to-date: /home/salvatore/ros2_ws/src/install/reseq_interfaces/include/reseq_interfaces/reseq_interfaces/srv/detail/compute_coordinate__traits.hpp
[0.378s] -- Up-to-date: /home/salvatore/ros2_ws/src/install/reseq_interfaces/include/reseq_interfaces/reseq_interfaces/srv/detail/batch_detections2_d__type_support.hpp
[0.378s] -- Up-to-date: /home/salvatore/ros2_ws/src/install/reseq_interfaces/include/reseq_interfaces/reseq_interfaces/srv/detail/batch_detections2_d__builder.hpp
[0.378s] -- Up-to-date: /home/salvatore/ros2_ws/src/install/reseq_interfaces/include/reseq_interfaces/reseq_interfaces/srv/detail/compute_coordinate__type_support.hpp
[0.378s] -- Up-to-date: /home/salvatore/ros2_ws/src/install/reseq_interfaces/include/reseq_interfaces/reseq_interfaces/srv/detail/set_mode__struct.hpp
[0.378s] -- Up-to-date: /home/salvatore/ros2_ws/src/install/reseq_interfaces/include/reseq_interfaces/reseq_interfaces/srv/detail/batch_detections2_d__traits.hpp
[0.378s] -- Up-to-date: /home/salvatore/ros2_ws/src/install/reseq_interfaces/include/reseq_interfaces/reseq_interfaces/srv/detail/get_status__traits.hpp
[0.378s] -- Up-to-date: /home/salvatore/ros2_ws/src/install/reseq_interfaces/include/reseq_interfaces/reseq_interfaces/srv/detail/compute_coordinate__struct.hpp
[0.378s] -- Up-to-date: /home/salvatore/ros2_ws/src/install/reseq_interfaces/include/reseq_interfaces/reseq_interfaces/srv/compute_coordinate.hpp
[0.378s] -- Up-to-date: /home/salvatore/ros2_ws/src/install/reseq_interfaces/include/reseq_interfaces/reseq_interfaces/srv/batch_detections2_d.hpp
[0.378s] -- Up-to-date: /home/salvatore/ros2_ws/src/install/reseq_interfaces/include/reseq_interfaces/reseq_interfaces/srv/get_status.hpp
[0.378s] -- Up-to-date: /home/salvatore/ros2_ws/src/install/reseq_interfaces/include/reseq_interfaces/reseq_interfaces/srv/set_mode.hpp
[0.378s] -- Up-to-date: /home/salvatore/ros2_ws/src/install/reseq_interfaces/include/reseq_interfaces/reseq_interfaces/msg
[0.378s] -- Up-to-date: /home/salvatore/ros2_ws/src/install/reseq_interfaces/include/reseq_interfaces/reseq_interfaces/msg/rosidl_generator_cpp__visibility_control.hpp
[0.378s] -- Up-to-date: /home/salvatore/ros2_ws/src/install/reseq_interfaces/include/reseq_interfaces/reseq_interfaces/msg/detail
[0.379s] -- Up-to-date: /home/salvatore/ros2_ws/src/install/reseq_interfaces/include/reseq_interfaces/reseq_interfaces/msg/detail/motors__type_support.hpp
[0.379s] -- Up-to-date: /home/salvatore/ros2_ws/src/install/reseq_interfaces/include/reseq_interfaces/reseq_interfaces/msg/detail/remote__builder.hpp
[0.379s] -- Up-to-date: /home/salvatore/ros2_ws/src/install/reseq_interfaces/include/reseq_interfaces/reseq_interfaces/msg/detail/detection__type_support.hpp
[0.379s] -- Up-to-date: /home/salvatore/ros2_ws/src/install/reseq_interfaces/include/reseq_interfaces/reseq_interfaces/msg/detail/remote__struct.hpp
[0.379s] -- Up-to-date: /home/salvatore/ros2_ws/src/install/reseq_interfaces/include/reseq_interfaces/reseq_interfaces/msg/detail/detection__traits.hpp
[0.379s] -- Up-to-date: /home/salvatore/ros2_ws/src/install/reseq_interfaces/include/reseq_interfaces/reseq_interfaces/msg/detail/detection__struct.hpp
[0.379s] -- Up-to-date: /home/salvatore/ros2_ws/src/install/reseq_interfaces/include/reseq_interfaces/reseq_interfaces/msg/detail/detection__builder.hpp
[0.379s] -- Up-to-date: /home/salvatore/ros2_ws/src/install/reseq_interfaces/include/reseq_interfaces/reseq_interfaces/msg/detail/remote__traits.hpp
[0.379s] -- Up-to-date: /home/salvatore/ros2_ws/src/install/reseq_interfaces/include/reseq_interfaces/reseq_interfaces/msg/detail/motors__struct.hpp
[0.379s] -- Up-to-date: /home/salvatore/ros2_ws/src/install/reseq_interfaces/include/reseq_interfaces/reseq_interfaces/msg/detail/motors__traits.hpp
[0.379s] -- Up-to-date: /home/salvatore/ros2_ws/src/install/reseq_interfaces/include/reseq_interfaces/reseq_interfaces/msg/detail/end_effector__traits.hpp
[0.379s] -- Up-to-date: /home/salvatore/ros2_ws/src/install/reseq_interfaces/include/reseq_interfaces/reseq_interfaces/msg/detail/remote__type_support.hpp
[0.379s] -- Up-to-date: /home/salvatore/ros2_ws/src/install/reseq_interfaces/include/reseq_interfaces/reseq_interfaces/msg/detail/motors__builder.hpp
[0.379s] -- Up-to-date: /home/salvatore/ros2_ws/src/install/reseq_interfaces/include/reseq_interfaces/reseq_interfaces/msg/detail/end_effector__struct.hpp
[0.379s] -- Up-to-date: /home/salvatore/ros2_ws/src/install/reseq_interfaces/include/reseq_interfaces/reseq_interfaces/msg/detail/end_effector__builder.hpp
[0.379s] -- Up-to-date: /home/salvatore/ros2_ws/src/install/reseq_interfaces/include/reseq_interfaces/reseq_interfaces/msg/detail/end_effector__type_support.hpp
[0.380s] -- Up-to-date: /home/salvatore/ros2_ws/src/install/reseq_interfaces/include/reseq_interfaces/reseq_interfaces/msg/detection.hpp
[0.380s] -- Up-to-date: /home/salvatore/ros2_ws/src/install/reseq_interfaces/include/reseq_interfaces/reseq_interfaces/msg/end_effector.hpp
[0.380s] -- Up-to-date: /home/salvatore/ros2_ws/src/install/reseq_interfaces/include/reseq_interfaces/reseq_interfaces/msg/remote.hpp
[0.380s] -- Up-to-date: /home/salvatore/ros2_ws/src/install/reseq_interfaces/include/reseq_interfaces/reseq_interfaces/msg/motors.hpp
[0.380s] -- Up-to-date: /home/salvatore/ros2_ws/src/install/reseq_interfaces/include/reseq_interfaces/reseq_interfaces
[0.380s] -- Up-to-date: /home/salvatore/ros2_ws/src/install/reseq_interfaces/include/reseq_interfaces/reseq_interfaces/srv
[0.380s] -- Up-to-date: /home/salvatore/ros2_ws/src/install/reseq_interfaces/include/reseq_interfaces/reseq_interfaces/srv/detail
[0.380s] -- Up-to-date: /home/salvatore/ros2_ws/src/install/reseq_interfaces/include/reseq_interfaces/reseq_interfaces/srv/detail/set_mode__rosidl_typesupport_fastrtps_cpp.hpp
[0.380s] -- Up-to-date: /home/salvatore/ros2_ws/src/install/reseq_interfaces/include/reseq_interfaces/reseq_interfaces/srv/detail/dds_fastrtps
[0.380s] -- Up-to-date: /home/salvatore/ros2_ws/src/install/reseq_interfaces/include/reseq_interfaces/reseq_interfaces/srv/detail/get_status__rosidl_typesupport_fastrtps_cpp.hpp
[0.380s] -- Up-to-date: /home/salvatore/ros2_ws/src/install/reseq_interfaces/include/reseq_interfaces/reseq_interfaces/srv/detail/batch_detections2_d__rosidl_typesupport_fastrtps_cpp.hpp
[0.380s] -- Up-to-date: /home/salvatore/ros2_ws/src/install/reseq_interfaces/include/reseq_interfaces/reseq_interfaces/srv/detail/compute_coordinate__rosidl_typesupport_fastrtps_cpp.hpp
[0.380s] -- Up-to-date: /home/salvatore/ros2_ws/src/install/reseq_interfaces/include/reseq_interfaces/reseq_interfaces/msg
[0.380s] -- Up-to-date: /home/salvatore/ros2_ws/src/install/reseq_interfaces/include/reseq_interfaces/reseq_interfaces/msg/rosidl_typesupport_fastrtps_cpp__visibility_control.h
[0.380s] -- Up-to-date: /home/salvatore/ros2_ws/src/install/reseq_interfaces/include/reseq_interfaces/reseq_interfaces/msg/detail
[0.380s] -- Up-to-date: /home/salvatore/ros2_ws/src/install/reseq_interfaces/include/reseq_interfaces/reseq_interfaces/msg/detail/end_effector__rosidl_typesupport_fastrtps_cpp.hpp
[0.380s] -- Up-to-date: /home/salvatore/ros2_ws/src/install/reseq_interfaces/include/reseq_interfaces/reseq_interfaces/msg/detail/dds_fastrtps
[0.380s] -- Up-to-date: /home/salvatore/ros2_ws/src/install/reseq_interfaces/include/reseq_interfaces/reseq_interfaces/msg/detail/detection__rosidl_typesupport_fastrtps_cpp.hpp
[0.380s] -- Up-to-date: /home/salvatore/ros2_ws/src/install/reseq_interfaces/include/reseq_interfaces/reseq_interfaces/msg/detail/remote__rosidl_typesupport_fastrtps_cpp.hpp
[0.380s] -- Up-to-date: /home/salvatore/ros2_ws/src/install/reseq_interfaces/include/reseq_interfaces/reseq_interfaces/msg/detail/motors__rosidl_typesupport_fastrtps_cpp.hpp
[0.380s] -- Up-to-date: /home/salvatore/ros2_ws/src/install/reseq_interfaces/lib/libreseq_interfaces__rosidl_typesupport_fastrtps_cpp.so
[0.380s] -- Up-to-date: /home/salvatore/ros2_ws/src/install/reseq_interfaces/include/reseq_interfaces/reseq_interfaces
[0.380s] -- Up-to-date: /home/salvatore/ros2_ws/src/install/reseq_interfaces/include/reseq_interfaces/reseq_interfaces/srv
[0.380s] -- Up-to-date: /home/salvatore/ros2_ws/src/install/reseq_interfaces/include/reseq_interfaces/reseq_interfaces/srv/detail
[0.380s] -- Up-to-date: /home/salvatore/ros2_ws/src/install/reseq_interfaces/include/reseq_interfaces/reseq_interfaces/srv/detail/get_status__rosidl_typesupport_introspection_cpp.hpp
[0.380s] -- Up-to-date: /home/salvatore/ros2_ws/src/install/reseq_interfaces/include/reseq_interfaces/reseq_interfaces/srv/detail/compute_coordinate__rosidl_typesupport_introspection_cpp.hpp
[0.380s] -- Up-to-date: /home/salvatore/ros2_ws/src/install/reseq_interfaces/include/reseq_interfaces/reseq_interfaces/srv/detail/compute_coordinate__type_support.cpp
[0.381s] -- Up-to-date: /home/salvatore/ros2_ws/src/install/reseq_interfaces/include/reseq_interfaces/reseq_interfaces/srv/detail/batch_detections2_d__rosidl_typesupport_introspection_cpp.hpp
[0.381s] -- Up-to-date: /home/salvatore/ros2_ws/src/install/reseq_interfaces/include/reseq_interfaces/reseq_interfaces/srv/detail/get_status__type_support.cpp
[0.381s] -- Up-to-date: /home/salvatore/ros2_ws/src/install/reseq_interfaces/include/reseq_interfaces/reseq_interfaces/srv/detail/set_mode__type_support.cpp
[0.381s] -- Up-to-date: /home/salvatore/ros2_ws/src/install/reseq_interfaces/include/reseq_interfaces/reseq_interfaces/srv/detail/batch_detections2_d__type_support.cpp
[0.381s] -- Up-to-date: /home/salvatore/ros2_ws/src/install/reseq_interfaces/include/reseq_interfaces/reseq_interfaces/srv/detail/set_mode__rosidl_typesupport_introspection_cpp.hpp
[0.381s] -- Up-to-date: /home/salvatore/ros2_ws/src/install/reseq_interfaces/include/reseq_interfaces/reseq_interfaces/msg
[0.381s] -- Up-to-date: /home/salvatore/ros2_ws/src/install/reseq_interfaces/include/reseq_interfaces/reseq_interfaces/msg/detail
[0.381s] -- Up-to-date: /home/salvatore/ros2_ws/src/install/reseq_interfaces/include/reseq_interfaces/reseq_interfaces/msg/detail/remote__rosidl_typesupport_introspection_cpp.hpp
[0.381s] -- Up-to-date: /home/salvatore/ros2_ws/src/install/reseq_interfaces/include/reseq_interfaces/reseq_interfaces/msg/detail/remote__type_support.cpp
[0.381s] -- Up-to-date: /home/salvatore/ros2_ws/src/install/reseq_interfaces/include/reseq_interfaces/reseq_interfaces/msg/detail/motors__type_support.cpp
[0.381s] -- Up-to-date: /home/salvatore/ros2_ws/src/install/reseq_interfaces/include/reseq_interfaces/reseq_interfaces/msg/detail/motors__rosidl_typesupport_introspection_cpp.hpp
[0.381s] -- Up-to-date: /home/salvatore/ros2_ws/src/install/reseq_interfaces/include/reseq_interfaces/reseq_interfaces/msg/detail/end_effector__rosidl_typesupport_introspection_cpp.hpp
[0.381s] -- Up-to-date: /home/salvatore/ros2_ws/src/install/reseq_interfaces/include/reseq_interfaces/reseq_interfaces/msg/detail/detection__rosidl_typesupport_introspection_cpp.hpp
[0.381s] -- Up-to-date: /home/salvatore/ros2_ws/src/install/reseq_interfaces/include/reseq_interfaces/reseq_interfaces/msg/detail/detection__type_support.cpp
[0.381s] -- Up-to-date: /home/salvatore/ros2_ws/src/install/reseq_interfaces/include/reseq_interfaces/reseq_interfaces/msg/detail/end_effector__type_support.cpp
[0.381s] -- Up-to-date: /home/salvatore/ros2_ws/src/install/reseq_interfaces/lib/libreseq_interfaces__rosidl_typesupport_introspection_cpp.so
[0.381s] -- Up-to-date: /home/salvatore/ros2_ws/src/install/reseq_interfaces/lib/libreseq_interfaces__rosidl_typesupport_cpp.so
[0.381s] -- Up-to-date: /home/salvatore/ros2_ws/src/install/reseq_interfaces/share/reseq_interfaces/environment/pythonpath.sh
[0.381s] -- Up-to-date: /home/salvatore/ros2_ws/src/install/reseq_interfaces/share/reseq_interfaces/environment/pythonpath.dsv
[0.381s] -- Up-to-date: /home/salvatore/ros2_ws/src/install/reseq_interfaces/lib/python3.12/site-packages/reseq_interfaces-0.0.0-py3.12.egg-info
[0.381s] -- Installing: /home/salvatore/ros2_ws/src/install/reseq_interfaces/lib/python3.12/site-packages/reseq_interfaces-0.0.0-py3.12.egg-info/dependency_links.txt
[0.381s] -- Installing: /home/salvatore/ros2_ws/src/install/reseq_interfaces/lib/python3.12/site-packages/reseq_interfaces-0.0.0-py3.12.egg-info/SOURCES.txt
[0.381s] -- Installing: /home/salvatore/ros2_ws/src/install/reseq_interfaces/lib/python3.12/site-packages/reseq_interfaces-0.0.0-py3.12.egg-info/PKG-INFO
[0.381s] -- Installing: /home/salvatore/ros2_ws/src/install/reseq_interfaces/lib/python3.12/site-packages/reseq_interfaces-0.0.0-py3.12.egg-info/top_level.txt
[0.381s] -- Up-to-date: /home/salvatore/ros2_ws/src/install/reseq_interfaces/lib/python3.12/site-packages/reseq_interfaces
[0.381s] -- Up-to-date: /home/salvatore/ros2_ws/src/install/reseq_interfaces/lib/python3.12/site-packages/reseq_interfaces/reseq_interfaces_s__rosidl_typesupport_fastrtps_c.so
[0.381s] -- Up-to-date: /home/salvatore/ros2_ws/src/install/reseq_interfaces/lib/python3.12/site-packages/reseq_interfaces/_reseq_interfaces_s.ep.rosidl_typesupport_c.c
[0.381s] -- Up-to-date: /home/salvatore/ros2_ws/src/install/reseq_interfaces/lib/python3.12/site-packages/reseq_interfaces/srv
[0.382s] -- Up-to-date: /home/salvatore/ros2_ws/src/install/reseq_interfaces/lib/python3.12/site-packages/reseq_interfaces/srv/_set_mode.py
[0.382s] -- Up-to-date: /home/salvatore/ros2_ws/src/install/reseq_interfaces/lib/python3.12/site-packages/reseq_interfaces/srv/_compute_coordinate_s.c
[0.382s] -- Up-to-date: /home/salvatore/ros2_ws/src/install/reseq_interfaces/lib/python3.12/site-packages/reseq_interfaces/srv/_get_status_s.c
[0.382s] -- Up-to-date: /home/salvatore/ros2_ws/src/install/reseq_interfaces/lib/python3.12/site-packages/reseq_interfaces/srv/_batch_detections2_d.py
[0.382s] -- Up-to-date: /home/salvatore/ros2_ws/src/install/reseq_interfaces/lib/python3.12/site-packages/reseq_interfaces/srv/_get_status.py
[0.382s] -- Up-to-date: /home/salvatore/ros2_ws/src/install/reseq_interfaces/lib/python3.12/site-packages/reseq_interfaces/srv/_set_mode_s.c
[0.382s] -- Up-to-date: /home/salvatore/ros2_ws/src/install/reseq_interfaces/lib/python3.12/site-packages/reseq_interfaces/srv/_batch_detections2_d_s.c
[0.382s] -- Up-to-date: /home/salvatore/ros2_ws/src/install/reseq_interfaces/lib/python3.12/site-packages/reseq_interfaces/srv/__init__.py
[0.382s] -- Up-to-date: /home/salvatore/ros2_ws/src/install/reseq_interfaces/lib/python3.12/site-packages/reseq_interfaces/srv/_compute_coordinate.py
[0.382s] -- Up-to-date: /home/salvatore/ros2_ws/src/install/reseq_interfaces/lib/python3.12/site-packages/reseq_interfaces/reseq_interfaces_s__rosidl_typesupport_introspection_c.so
[0.382s] -- Up-to-date: /home/salvatore/ros2_ws/src/install/reseq_interfaces/lib/python3.12/site-packages/reseq_interfaces/__init__.py
[0.382s] -- Up-to-date: /home/salvatore/ros2_ws/src/install/reseq_interfaces/lib/python3.12/site-packages/reseq_interfaces/reseq_interfaces_s__rosidl_typesupport_c.so
[0.382s] -- Up-to-date: /home/salvatore/ros2_ws/src/install/reseq_interfaces/lib/python3.12/site-packages/reseq_interfaces/_reseq_interfaces_s.ep.rosidl_typesupport_fastrtps_c.c
[0.382s] -- Up-to-date: /home/salvatore/ros2_ws/src/install/reseq_interfaces/lib/python3.12/site-packages/reseq_interfaces/_reseq_interfaces_s.ep.rosidl_typesupport_introspection_c.c
[0.382s] -- Up-to-date: /home/salvatore/ros2_ws/src/install/reseq_interfaces/lib/python3.12/site-packages/reseq_interfaces/msg
[0.382s] -- Up-to-date: /home/salvatore/ros2_ws/src/install/reseq_interfaces/lib/python3.12/site-packages/reseq_interfaces/msg/_remote_s.c
[0.382s] -- Up-to-date: /home/salvatore/ros2_ws/src/install/reseq_interfaces/lib/python3.12/site-packages/reseq_interfaces/msg/_motors.py
[0.382s] -- Up-to-date: /home/salvatore/ros2_ws/src/install/reseq_interfaces/lib/python3.12/site-packages/reseq_interfaces/msg/_end_effector.py
[0.382s] -- Up-to-date: /home/salvatore/ros2_ws/src/install/reseq_interfaces/lib/python3.12/site-packages/reseq_interfaces/msg/_detection_s.c
[0.382s] -- Up-to-date: /home/salvatore/ros2_ws/src/install/reseq_interfaces/lib/python3.12/site-packages/reseq_interfaces/msg/_detection.py
[0.382s] -- Up-to-date: /home/salvatore/ros2_ws/src/install/reseq_interfaces/lib/python3.12/site-packages/reseq_interfaces/msg/_end_effector_s.c
[0.382s] -- Up-to-date: /home/salvatore/ros2_ws/src/install/reseq_interfaces/lib/python3.12/site-packages/reseq_interfaces/msg/_remote.py
[0.382s] -- Up-to-date: /home/salvatore/ros2_ws/src/install/reseq_interfaces/lib/python3.12/site-packages/reseq_interfaces/msg/__init__.py
[0.382s] -- Up-to-date: /home/salvatore/ros2_ws/src/install/reseq_interfaces/lib/python3.12/site-packages/reseq_interfaces/msg/_motors_s.c
[0.406s] Listing '/home/salvatore/ros2_ws/src/install/reseq_interfaces/lib/python3.12/site-packages/reseq_interfaces'...
[0.407s] Listing '/home/salvatore/ros2_ws/src/install/reseq_interfaces/lib/python3.12/site-packages/reseq_interfaces/msg'...
[0.407s] Listing '/home/salvatore/ros2_ws/src/install/reseq_interfaces/lib/python3.12/site-packages/reseq_interfaces/srv'...
[0.412s] -- Up-to-date: /home/salvatore/ros2_ws/src/install/reseq_interfaces/lib/python3.12/site-packages/reseq_interfaces/reseq_interfaces_s__rosidl_typesupport_fastrtps_c.so
[0.414s] -- Up-to-date: /home/salvatore/ros2_ws/src/install/reseq_interfaces/lib/python3.12/site-packages/reseq_interfaces/reseq_interfaces_s__rosidl_typesupport_introspection_c.so
[0.414s] -- Up-to-date: /home/salvatore/ros2_ws/src/install/reseq_interfaces/lib/python3.12/site-packages/reseq_interfaces/reseq_interfaces_s__rosidl_typesupport_c.so
[0.415s] -- Up-to-date: /home/salvatore/ros2_ws/src/install/reseq_interfaces/lib/libreseq_interfaces__rosidl_generator_py.so
[0.415s] -- Up-to-date: /home/salvatore/ros2_ws/src/install/reseq_interfaces/share/reseq_interfaces/msg/Motors.idl
[0.415s] -- Up-to-date: /home/salvatore/ros2_ws/src/install/reseq_interfaces/share/reseq_interfaces/msg/Remote.idl
[0.415s] -- Up-to-date: /home/salvatore/ros2_ws/src/install/reseq_interfaces/share/reseq_interfaces/msg/EndEffector.idl
[0.415s] -- Up-to-date: /home/salvatore/ros2_ws/src/install/reseq_interfaces/share/reseq_interfaces/msg/Detection.idl
[0.415s] -- Up-to-date: /home/salvatore/ros2_ws/src/install/reseq_interfaces/share/reseq_interfaces/srv/BatchDetections2D.idl
[0.415s] -- Up-to-date: /home/salvatore/ros2_ws/src/install/reseq_interfaces/share/reseq_interfaces/srv/SetMode.idl
[0.415s] -- Up-to-date: /home/salvatore/ros2_ws/src/install/reseq_interfaces/share/reseq_interfaces/srv/GetStatus.idl
[0.415s] -- Up-to-date: /home/salvatore/ros2_ws/src/install/reseq_interfaces/share/reseq_interfaces/srv/ComputeCoordinate.idl
[0.415s] -- Up-to-date: /home/salvatore/ros2_ws/src/install/reseq_interfaces/share/reseq_interfaces/msg/Motors.msg
[0.415s] -- Up-to-date: /home/salvatore/ros2_ws/src/install/reseq_interfaces/share/reseq_interfaces/msg/Remote.msg
[0.415s] -- Up-to-date: /home/salvatore/ros2_ws/src/install/reseq_interfaces/share/reseq_interfaces/msg/EndEffector.msg
[0.416s] -- Up-to-date: /home/salvatore/ros2_ws/src/install/reseq_interfaces/share/reseq_interfaces/msg/Detection.msg
[0.416s] -- Up-to-date: /home/salvatore/ros2_ws/src/install/reseq_interfaces/share/reseq_interfaces/srv/BatchDetections2D.srv
[0.416s] -- Up-to-date: /home/salvatore/ros2_ws/src/install/reseq_interfaces/share/reseq_interfaces/srv/SetMode.srv
[0.416s] -- Up-to-date: /home/salvatore/ros2_ws/src/install/reseq_interfaces/share/reseq_interfaces/srv/GetStatus.srv
[0.416s] -- Up-to-date: /home/salvatore/ros2_ws/src/install/reseq_interfaces/share/reseq_interfaces/srv/ComputeCoordinate.srv
[0.416s] -- Up-to-date: /home/salvatore/ros2_ws/src/install/reseq_interfaces/share/ament_index/resource_index/package_run_dependencies/reseq_interfaces
[0.416s] -- Up-to-date: /home/salvatore/ros2_ws/src/install/reseq_interfaces/share/ament_index/resource_index/parent_prefix_path/reseq_interfaces
[0.416s] -- Up-to-date: /home/salvatore/ros2_ws/src/install/reseq_interfaces/share/reseq_interfaces/environment/ament_prefix_path.sh
[0.416s] -- Up-to-date: /home/salvatore/ros2_ws/src/install/reseq_interfaces/share/reseq_interfaces/environment/ament_prefix_path.dsv
[0.416s] -- Up-to-date: /home/salvatore/ros2_ws/src/install/reseq_interfaces/share/reseq_interfaces/environment/path.sh
[0.416s] -- Up-to-date: /home/salvatore/ros2_ws/src/install/reseq_interfaces/share/reseq_interfaces/environment/path.dsv
[0.416s] -- Up-to-date: /home/salvatore/ros2_ws/src/install/reseq_interfaces/share/reseq_interfaces/local_setup.bash
[0.416s] -- Up-to-date: /home/salvatore/ros2_ws/src/install/reseq_interfaces/share/reseq_interfaces/local_setup.sh
[0.416s] -- Up-to-date: /home/salvatore/ros2_ws/src/install/reseq_interfaces/share/reseq_interfaces/local_setup.zsh
[0.416s] -- Up-to-date: /home/salvatore/ros2_ws/src/install/reseq_interfaces/share/reseq_interfaces/local_setup.dsv
[0.416s] -- Installing: /home/salvatore/ros2_ws/src/install/reseq_interfaces/share/reseq_interfaces/package.dsv
[0.417s] -- Up-to-date: /home/salvatore/ros2_ws/src/install/reseq_interfaces/share/ament_index/resource_index/packages/reseq_interfaces
[0.417s] -- Up-to-date: /home/salvatore/ros2_ws/src/install/reseq_interfaces/share/reseq_interfaces/cmake/export_reseq_interfaces__rosidl_generator_cExport.cmake
[0.417s] -- Up-to-date: /home/salvatore/ros2_ws/src/install/reseq_interfaces/share/reseq_interfaces/cmake/export_reseq_interfaces__rosidl_generator_cExport-noconfig.cmake
[0.417s] -- Up-to-date: /home/salvatore/ros2_ws/src/install/reseq_interfaces/share/reseq_interfaces/cmake/export_reseq_interfaces__rosidl_typesupport_fastrtps_cExport.cmake
[0.417s] -- Up-to-date: /home/salvatore/ros2_ws/src/install/reseq_interfaces/share/reseq_interfaces/cmake/export_reseq_interfaces__rosidl_typesupport_fastrtps_cExport-noconfig.cmake
[0.417s] -- Up-to-date: /home/salvatore/ros2_ws/src/install/reseq_interfaces/share/reseq_interfaces/cmake/reseq_interfaces__rosidl_typesupport_introspection_cExport.cmake
[0.417s] -- Up-to-date: /home/salvatore/ros2_ws/src/install/reseq_interfaces/share/reseq_interfaces/cmake/reseq_interfaces__rosidl_typesupport_introspection_cExport-noconfig.cmake
[0.417s] -- Up-to-date: /home/salvatore/ros2_ws/src/install/reseq_interfaces/share/reseq_interfaces/cmake/reseq_interfaces__rosidl_typesupport_cExport.cmake
[0.417s] -- Up-to-date: /home/salvatore/ros2_ws/src/install/reseq_interfaces/share/reseq_interfaces/cmake/reseq_interfaces__rosidl_typesupport_cExport-noconfig.cmake
[0.417s] -- Up-to-date: /home/salvatore/ros2_ws/src/install/reseq_interfaces/share/reseq_interfaces/cmake/export_reseq_interfaces__rosidl_generator_cppExport.cmake
[0.417s] -- Up-to-date: /home/salvatore/ros2_ws/src/install/reseq_interfaces/share/reseq_interfaces/cmake/export_reseq_interfaces__rosidl_typesupport_fastrtps_cppExport.cmake
[0.417s] -- Up-to-date: /home/salvatore/ros2_ws/src/install/reseq_interfaces/share/reseq_interfaces/cmake/export_reseq_interfaces__rosidl_typesupport_fastrtps_cppExport-noconfig.cmake
[0.417s] -- Up-to-date: /home/salvatore/ros2_ws/src/install/reseq_interfaces/share/reseq_interfaces/cmake/reseq_interfaces__rosidl_typesupport_introspection_cppExport.cmake
[0.417s] -- Up-to-date: /home/salvatore/ros2_ws/src/install/reseq_interfaces/share/reseq_interfaces/cmake/reseq_interfaces__rosidl_typesupport_introspection_cppExport-noconfig.cmake
[0.417s] -- Up-to-date: /home/salvatore/ros2_ws/src/install/reseq_interfaces/share/reseq_interfaces/cmake/reseq_interfaces__rosidl_typesupport_cppExport.cmake
[0.418s] -- Up-to-date: /home/salvatore/ros2_ws/src/install/reseq_interfaces/share/reseq_interfaces/cmake/reseq_interfaces__rosidl_typesupport_cppExport-noconfig.cmake
[0.418s] -- Up-to-date: /home/salvatore/ros2_ws/src/install/reseq_interfaces/share/reseq_interfaces/cmake/export_reseq_interfaces__rosidl_generator_pyExport.cmake
[0.418s] -- Up-to-date: /home/salvatore/ros2_ws/src/install/reseq_interfaces/share/reseq_interfaces/cmake/export_reseq_interfaces__rosidl_generator_pyExport-noconfig.cmake
[0.418s] -- Up-to-date: /home/salvatore/ros2_ws/src/install/reseq_interfaces/share/reseq_interfaces/cmake/rosidl_cmake-extras.cmake
[0.418s] -- Up-to-date: /home/salvatore/ros2_ws/src/install/reseq_interfaces/share/reseq_interfaces/cmake/ament_cmake_export_dependencies-extras.cmake
[0.418s] -- Up-to-date: /home/salvatore/ros2_ws/src/install/reseq_interfaces/share/reseq_interfaces/cmake/ament_cmake_export_include_directories-extras.cmake
[0.418s] -- Up-to-date: /home/salvatore/ros2_ws/src/install/reseq_interfaces/share/reseq_interfaces/cmake/ament_cmake_export_libraries-extras.cmake
[0.418s] -- Up-to-date: /home/salvatore/ros2_ws/src/install/reseq_interfaces/share/reseq_interfaces/cmake/ament_cmake_export_targets-extras.cmake
[0.418s] -- Up-to-date: /home/salvatore/ros2_ws/src/install/reseq_interfaces/share/reseq_interfaces/cmake/rosidl_cmake_export_typesupport_targets-extras.cmake
[0.418s] -- Up-to-date: /home/salvatore/ros2_ws/src/install/reseq_interfaces/share/reseq_interfaces/cmake/rosidl_cmake_export_typesupport_libraries-extras.cmake
[0.418s] -- Up-to-date: /home/salvatore/ros2_ws/src/install/reseq_interfaces/share/reseq_interfaces/cmake/reseq_interfacesConfig.cmake
[0.418s] -- Up-to-date: /home/salvatore/ros2_ws/src/install/reseq_interfaces/share/reseq_interfaces/cmake/reseq_interfacesConfig-version.cmake
[0.418s] -- Up-to-date: /home/salvatore/ros2_ws/src/install/reseq_interfaces/share/reseq_interfaces/package.xml
[0.420s] Invoked command in '/home/salvatore/ros2_ws/src/build/reseq_interfaces' returned '0': CMAKE_PREFIX_PATH=${CMAKE_PREFIX_PATH}:/home/salvatore/ros2_ws/install/reseq_ros2:/opt/ros/jazzy DEBUGINFOD_URLS=https://debuginfod.ubuntu.com /usr/bin/cmake --install /home/salvatore/ros2_ws/src/build/reseq_interfaces
