[0.077s] DEBUG:colcon:Command line arguments: ['/usr/bin/colcon', 'build']
[0.077s] DEBUG:colcon:Parsed command line arguments: Namespace(log_base=None, log_level=None, verb_name='build', build_base='build', install_base='install', merge_install=False, symlink_install=False, test_result_base=None, continue_on_error=False, executor='parallel', parallel_workers=4, event_handlers=None, ignore_user_meta=False, metas=['./colcon.meta'], base_paths=['.'], packages_ignore=None, packages_ignore_regex=None, paths=None, packages_up_to=None, packages_up_to_regex=None, packages_above=None, packages_above_and_dependencies=None, packages_above_depth=None, packages_select_by_dep=None, packages_skip_by_dep=None, packages_skip_up_to=None, packages_select_build_failed=False, packages_skip_build_finished=False, packages_select_test_failures=False, packages_skip_test_passed=False, packages_select=None, packages_skip=None, packages_select_regex=None, packages_skip_regex=None, packages_start=None, packages_end=None, allow_overriding=[], cmake_args=None, cmake_target=None, cmake_target_skip_unavailable=False, cmake_clean_cache=False, cmake_clean_first=False, cmake_force_configure=False, ament_cmake_args=None, catkin_cmake_args=None, catkin_skip_building_tests=False, mixin_files=None, mixin=None, verb_parser=<colcon_mixin.mixin.mixin_argument.MixinArgumentDecorator object at 0xe5ef2f228440>, verb_extension=<colcon_core.verb.build.BuildVerb object at 0xe5ef2f228080>, main=<bound method BuildVerb.main of <colcon_core.verb.build.BuildVerb object at 0xe5ef2f228080>>, mixin_verb=('build',))
[0.105s] Level 1:colcon.colcon_core.package_discovery:discover_packages(colcon_meta) check parameters
[0.105s] Level 1:colcon.colcon_core.package_discovery:discover_packages(recursive) check parameters
[0.105s] Level 1:colcon.colcon_core.package_discovery:discover_packages(ignore) check parameters
[0.105s] Level 1:colcon.colcon_core.package_discovery:discover_packages(path) check parameters
[0.105s] Level 1:colcon.colcon_core.package_discovery:discover_packages(colcon_meta) discover
[0.105s] Level 1:colcon.colcon_core.package_discovery:discover_packages(recursive) discover
[0.105s] INFO:colcon.colcon_core.package_discovery:Crawling recursively for packages in '/home/salvatore/ros2_ws/src'
[0.106s] Level 1:colcon.colcon_core.package_identification:_identify(.) by extensions ['ignore', 'ignore_ament_install']
[0.106s] Level 1:colcon.colcon_core.package_identification:_identify(.) by extension 'ignore'
[0.106s] Level 1:colcon.colcon_core.package_identification:_identify(.) by extension 'ignore_ament_install'
[0.106s] Level 1:colcon.colcon_core.package_identification:_identify(.) by extensions ['colcon_pkg']
[0.106s] Level 1:colcon.colcon_core.package_identification:_identify(.) by extension 'colcon_pkg'
[0.106s] Level 1:colcon.colcon_core.package_identification:_identify(.) by extensions ['colcon_meta']
[0.106s] Level 1:colcon.colcon_core.package_identification:_identify(.) by extension 'colcon_meta'
[0.106s] Level 1:colcon.colcon_core.package_identification:_identify(.) by extensions ['ros']
[0.106s] Level 1:colcon.colcon_core.package_identification:_identify(.) by extension 'ros'
[0.126s] Level 1:colcon.colcon_core.package_identification:_identify(.) by extensions ['cmake', 'python']
[0.126s] Level 1:colcon.colcon_core.package_identification:_identify(.) by extension 'cmake'
[0.126s] Level 1:colcon.colcon_core.package_identification:_identify(.) by extension 'python'
[0.126s] Level 1:colcon.colcon_core.package_identification:_identify(.) by extensions ['python_setup_py']
[0.126s] Level 1:colcon.colcon_core.package_identification:_identify(.) by extension 'python_setup_py'
[0.126s] Level 1:colcon.colcon_core.package_identification:_identify(build) by extensions ['ignore', 'ignore_ament_install']
[0.126s] Level 1:colcon.colcon_core.package_identification:_identify(build) by extension 'ignore'
[0.126s] Level 1:colcon.colcon_core.package_identification:_identify(build) ignored
[0.126s] Level 1:colcon.colcon_core.package_identification:_identify(computer_vision) by extensions ['ignore', 'ignore_ament_install']
[0.126s] Level 1:colcon.colcon_core.package_identification:_identify(computer_vision) by extension 'ignore'
[0.126s] Level 1:colcon.colcon_core.package_identification:_identify(computer_vision) by extension 'ignore_ament_install'
[0.126s] Level 1:colcon.colcon_core.package_identification:_identify(computer_vision) by extensions ['colcon_pkg']
[0.126s] Level 1:colcon.colcon_core.package_identification:_identify(computer_vision) by extension 'colcon_pkg'
[0.126s] Level 1:colcon.colcon_core.package_identification:_identify(computer_vision) by extensions ['colcon_meta']
[0.126s] Level 1:colcon.colcon_core.package_identification:_identify(computer_vision) by extension 'colcon_meta'
[0.126s] Level 1:colcon.colcon_core.package_identification:_identify(computer_vision) by extensions ['ros']
[0.126s] Level 1:colcon.colcon_core.package_identification:_identify(computer_vision) by extension 'ros'
[0.126s] Level 1:colcon.colcon_core.package_identification:_identify(computer_vision) by extensions ['cmake', 'python']
[0.126s] Level 1:colcon.colcon_core.package_identification:_identify(computer_vision) by extension 'cmake'
[0.126s] Level 1:colcon.colcon_core.package_identification:_identify(computer_vision) by extension 'python'
[0.126s] Level 1:colcon.colcon_core.package_identification:_identify(computer_vision) by extensions ['python_setup_py']
[0.126s] Level 1:colcon.colcon_core.package_identification:_identify(computer_vision) by extension 'python_setup_py'
[0.126s] Level 1:colcon.colcon_core.package_identification:_identify(docker) by extensions ['ignore', 'ignore_ament_install']
[0.126s] Level 1:colcon.colcon_core.package_identification:_identify(docker) by extension 'ignore'
[0.126s] Level 1:colcon.colcon_core.package_identification:_identify(docker) by extension 'ignore_ament_install'
[0.126s] Level 1:colcon.colcon_core.package_identification:_identify(docker) by extensions ['colcon_pkg']
[0.126s] Level 1:colcon.colcon_core.package_identification:_identify(docker) by extension 'colcon_pkg'
[0.126s] Level 1:colcon.colcon_core.package_identification:_identify(docker) by extensions ['colcon_meta']
[0.127s] Level 1:colcon.colcon_core.package_identification:_identify(docker) by extension 'colcon_meta'
[0.127s] Level 1:colcon.colcon_core.package_identification:_identify(docker) by extensions ['ros']
[0.127s] Level 1:colcon.colcon_core.package_identification:_identify(docker) by extension 'ros'
[0.127s] Level 1:colcon.colcon_core.package_identification:_identify(docker) by extensions ['cmake', 'python']
[0.127s] Level 1:colcon.colcon_core.package_identification:_identify(docker) by extension 'cmake'
[0.127s] Level 1:colcon.colcon_core.package_identification:_identify(docker) by extension 'python'
[0.127s] Level 1:colcon.colcon_core.package_identification:_identify(docker) by extensions ['python_setup_py']
[0.127s] Level 1:colcon.colcon_core.package_identification:_identify(docker) by extension 'python_setup_py'
[0.127s] Level 1:colcon.colcon_core.package_identification:_identify(docker/utils) by extensions ['ignore', 'ignore_ament_install']
[0.127s] Level 1:colcon.colcon_core.package_identification:_identify(docker/utils) by extension 'ignore'
[0.127s] Level 1:colcon.colcon_core.package_identification:_identify(docker/utils) by extension 'ignore_ament_install'
[0.127s] Level 1:colcon.colcon_core.package_identification:_identify(docker/utils) by extensions ['colcon_pkg']
[0.127s] Level 1:colcon.colcon_core.package_identification:_identify(docker/utils) by extension 'colcon_pkg'
[0.127s] Level 1:colcon.colcon_core.package_identification:_identify(docker/utils) by extensions ['colcon_meta']
[0.127s] Level 1:colcon.colcon_core.package_identification:_identify(docker/utils) by extension 'colcon_meta'
[0.127s] Level 1:colcon.colcon_core.package_identification:_identify(docker/utils) by extensions ['ros']
[0.127s] Level 1:colcon.colcon_core.package_identification:_identify(docker/utils) by extension 'ros'
[0.127s] Level 1:colcon.colcon_core.package_identification:_identify(docker/utils) by extensions ['cmake', 'python']
[0.127s] Level 1:colcon.colcon_core.package_identification:_identify(docker/utils) by extension 'cmake'
[0.127s] Level 1:colcon.colcon_core.package_identification:_identify(docker/utils) by extension 'python'
[0.127s] Level 1:colcon.colcon_core.package_identification:_identify(docker/utils) by extensions ['python_setup_py']
[0.127s] Level 1:colcon.colcon_core.package_identification:_identify(docker/utils) by extension 'python_setup_py'
[0.127s] Level 1:colcon.colcon_core.package_identification:_identify(docker/utils/scripts) by extensions ['ignore', 'ignore_ament_install']
[0.127s] Level 1:colcon.colcon_core.package_identification:_identify(docker/utils/scripts) by extension 'ignore'
[0.127s] Level 1:colcon.colcon_core.package_identification:_identify(docker/utils/scripts) by extension 'ignore_ament_install'
[0.127s] Level 1:colcon.colcon_core.package_identification:_identify(docker/utils/scripts) by extensions ['colcon_pkg']
[0.127s] Level 1:colcon.colcon_core.package_identification:_identify(docker/utils/scripts) by extension 'colcon_pkg'
[0.127s] Level 1:colcon.colcon_core.package_identification:_identify(docker/utils/scripts) by extensions ['colcon_meta']
[0.127s] Level 1:colcon.colcon_core.package_identification:_identify(docker/utils/scripts) by extension 'colcon_meta'
[0.127s] Level 1:colcon.colcon_core.package_identification:_identify(docker/utils/scripts) by extensions ['ros']
[0.127s] Level 1:colcon.colcon_core.package_identification:_identify(docker/utils/scripts) by extension 'ros'
[0.127s] Level 1:colcon.colcon_core.package_identification:_identify(docker/utils/scripts) by extensions ['cmake', 'python']
[0.127s] Level 1:colcon.colcon_core.package_identification:_identify(docker/utils/scripts) by extension 'cmake'
[0.127s] Level 1:colcon.colcon_core.package_identification:_identify(docker/utils/scripts) by extension 'python'
[0.128s] Level 1:colcon.colcon_core.package_identification:_identify(docker/utils/scripts) by extensions ['python_setup_py']
[0.128s] Level 1:colcon.colcon_core.package_identification:_identify(docker/utils/scripts) by extension 'python_setup_py'
[0.128s] Level 1:colcon.colcon_core.package_identification:_identify(docker/utils/udev_rules) by extensions ['ignore', 'ignore_ament_install']
[0.128s] Level 1:colcon.colcon_core.package_identification:_identify(docker/utils/udev_rules) by extension 'ignore'
[0.128s] Level 1:colcon.colcon_core.package_identification:_identify(docker/utils/udev_rules) by extension 'ignore_ament_install'
[0.128s] Level 1:colcon.colcon_core.package_identification:_identify(docker/utils/udev_rules) by extensions ['colcon_pkg']
[0.128s] Level 1:colcon.colcon_core.package_identification:_identify(docker/utils/udev_rules) by extension 'colcon_pkg'
[0.128s] Level 1:colcon.colcon_core.package_identification:_identify(docker/utils/udev_rules) by extensions ['colcon_meta']
[0.128s] Level 1:colcon.colcon_core.package_identification:_identify(docker/utils/udev_rules) by extension 'colcon_meta'
[0.128s] Level 1:colcon.colcon_core.package_identification:_identify(docker/utils/udev_rules) by extensions ['ros']
[0.128s] Level 1:colcon.colcon_core.package_identification:_identify(docker/utils/udev_rules) by extension 'ros'
[0.128s] Level 1:colcon.colcon_core.package_identification:_identify(docker/utils/udev_rules) by extensions ['cmake', 'python']
[0.128s] Level 1:colcon.colcon_core.package_identification:_identify(docker/utils/udev_rules) by extension 'cmake'
[0.128s] Level 1:colcon.colcon_core.package_identification:_identify(docker/utils/udev_rules) by extension 'python'
[0.128s] Level 1:colcon.colcon_core.package_identification:_identify(docker/utils/udev_rules) by extensions ['python_setup_py']
[0.128s] Level 1:colcon.colcon_core.package_identification:_identify(docker/utils/udev_rules) by extension 'python_setup_py'
[0.128s] Level 1:colcon.colcon_core.package_identification:_identify(install) by extensions ['ignore', 'ignore_ament_install']
[0.128s] Level 1:colcon.colcon_core.package_identification:_identify(install) by extension 'ignore'
[0.128s] Level 1:colcon.colcon_core.package_identification:_identify(install) ignored
[0.128s] Level 1:colcon.colcon_core.package_identification:_identify(log) by extensions ['ignore', 'ignore_ament_install']
[0.128s] Level 1:colcon.colcon_core.package_identification:_identify(log) by extension 'ignore'
[0.128s] Level 1:colcon.colcon_core.package_identification:_identify(log) ignored
[0.128s] Level 1:colcon.colcon_core.package_identification:_identify(reseq_interfaces) by extensions ['ignore', 'ignore_ament_install']
[0.128s] Level 1:colcon.colcon_core.package_identification:_identify(reseq_interfaces) by extension 'ignore'
[0.128s] Level 1:colcon.colcon_core.package_identification:_identify(reseq_interfaces) by extension 'ignore_ament_install'
[0.128s] Level 1:colcon.colcon_core.package_identification:_identify(reseq_interfaces) by extensions ['colcon_pkg']
[0.128s] Level 1:colcon.colcon_core.package_identification:_identify(reseq_interfaces) by extension 'colcon_pkg'
[0.128s] Level 1:colcon.colcon_core.package_identification:_identify(reseq_interfaces) by extensions ['colcon_meta']
[0.128s] Level 1:colcon.colcon_core.package_identification:_identify(reseq_interfaces) by extension 'colcon_meta'
[0.128s] Level 1:colcon.colcon_core.package_identification:_identify(reseq_interfaces) by extensions ['ros']
[0.128s] Level 1:colcon.colcon_core.package_identification:_identify(reseq_interfaces) by extension 'ros'
[0.130s] DEBUG:colcon.colcon_core.package_identification:Package 'reseq_interfaces' with type 'ros.ament_cmake' and name 'reseq_interfaces'
[0.130s] Level 1:colcon.colcon_core.package_identification:_identify(reseq_ros2) by extensions ['ignore', 'ignore_ament_install']
[0.130s] Level 1:colcon.colcon_core.package_identification:_identify(reseq_ros2) by extension 'ignore'
[0.130s] Level 1:colcon.colcon_core.package_identification:_identify(reseq_ros2) by extension 'ignore_ament_install'
[0.131s] Level 1:colcon.colcon_core.package_identification:_identify(reseq_ros2) by extensions ['colcon_pkg']
[0.131s] Level 1:colcon.colcon_core.package_identification:_identify(reseq_ros2) by extension 'colcon_pkg'
[0.131s] Level 1:colcon.colcon_core.package_identification:_identify(reseq_ros2) by extensions ['colcon_meta']
[0.131s] Level 1:colcon.colcon_core.package_identification:_identify(reseq_ros2) by extension 'colcon_meta'
[0.131s] Level 1:colcon.colcon_core.package_identification:_identify(reseq_ros2) by extensions ['ros']
[0.131s] Level 1:colcon.colcon_core.package_identification:_identify(reseq_ros2) by extension 'ros'
[0.131s] DEBUG:colcon.colcon_core.package_identification:Package 'reseq_ros2' with type 'ros.ament_python' and name 'reseq_ros2'
[0.131s] Level 1:colcon.colcon_core.package_discovery:discover_packages(recursive) using defaults
[0.131s] Level 1:colcon.colcon_core.package_discovery:discover_packages(ignore) discover
[0.131s] Level 1:colcon.colcon_core.package_discovery:discover_packages(ignore) using defaults
[0.131s] Level 1:colcon.colcon_core.package_discovery:discover_packages(path) discover
[0.131s] Level 1:colcon.colcon_core.package_discovery:discover_packages(path) using defaults
[0.146s] Level 1:colcon.colcon_core.package_discovery:discover_packages(prefix_path) check parameters
[0.146s] Level 1:colcon.colcon_core.package_discovery:discover_packages(prefix_path) discover
[0.147s] DEBUG:colcon.colcon_installed_package_information.package_discovery:Found 3 installed packages in /home/salvatore/ros2_ws/install
[0.148s] DEBUG:colcon.colcon_installed_package_information.package_discovery:Found 296 installed packages in /opt/ros/jazzy
[0.149s] Level 1:colcon.colcon_core.package_discovery:discover_packages(prefix_path) using defaults
[0.178s] Level 5:colcon.colcon_core.verb:set package 'reseq_interfaces' build argument 'cmake_args' from command line to 'None'
[0.178s] Level 5:colcon.colcon_core.verb:set package 'reseq_interfaces' build argument 'cmake_target' from command line to 'None'
[0.178s] Level 5:colcon.colcon_core.verb:set package 'reseq_interfaces' build argument 'cmake_target_skip_unavailable' from command line to 'False'
[0.178s] Level 5:colcon.colcon_core.verb:set package 'reseq_interfaces' build argument 'cmake_clean_cache' from command line to 'False'
[0.178s] Level 5:colcon.colcon_core.verb:set package 'reseq_interfaces' build argument 'cmake_clean_first' from command line to 'False'
[0.178s] Level 5:colcon.colcon_core.verb:set package 'reseq_interfaces' build argument 'cmake_force_configure' from command line to 'False'
[0.178s] Level 5:colcon.colcon_core.verb:set package 'reseq_interfaces' build argument 'ament_cmake_args' from command line to 'None'
[0.178s] Level 5:colcon.colcon_core.verb:set package 'reseq_interfaces' build argument 'catkin_cmake_args' from command line to 'None'
[0.178s] Level 5:colcon.colcon_core.verb:set package 'reseq_interfaces' build argument 'catkin_skip_building_tests' from command line to 'False'
[0.179s] DEBUG:colcon.colcon_core.verb:Building package 'reseq_interfaces' with the following arguments: {'ament_cmake_args': None, 'build_base': '/home/salvatore/ros2_ws/src/build/reseq_interfaces', 'catkin_cmake_args': None, 'catkin_skip_building_tests': False, 'cmake_args': None, 'cmake_clean_cache': False, 'cmake_clean_first': False, 'cmake_force_configure': False, 'cmake_target': None, 'cmake_target_skip_unavailable': False, 'install_base': '/home/salvatore/ros2_ws/src/install/reseq_interfaces', 'merge_install': False, 'path': '/home/salvatore/ros2_ws/src/reseq_interfaces', 'symlink_install': False, 'test_result_base': None}
[0.179s] Level 5:colcon.colcon_core.verb:set package 'reseq_ros2' build argument 'cmake_args' from command line to 'None'
[0.179s] Level 5:colcon.colcon_core.verb:set package 'reseq_ros2' build argument 'cmake_target' from command line to 'None'
[0.179s] Level 5:colcon.colcon_core.verb:set package 'reseq_ros2' build argument 'cmake_target_skip_unavailable' from command line to 'False'
[0.179s] Level 5:colcon.colcon_core.verb:set package 'reseq_ros2' build argument 'cmake_clean_cache' from command line to 'False'
[0.179s] Level 5:colcon.colcon_core.verb:set package 'reseq_ros2' build argument 'cmake_clean_first' from command line to 'False'
[0.179s] Level 5:colcon.colcon_core.verb:set package 'reseq_ros2' build argument 'cmake_force_configure' from command line to 'False'
[0.179s] Level 5:colcon.colcon_core.verb:set package 'reseq_ros2' build argument 'ament_cmake_args' from command line to 'None'
[0.179s] Level 5:colcon.colcon_core.verb:set package 'reseq_ros2' build argument 'catkin_cmake_args' from command line to 'None'
[0.179s] Level 5:colcon.colcon_core.verb:set package 'reseq_ros2' build argument 'catkin_skip_building_tests' from command line to 'False'
[0.179s] DEBUG:colcon.colcon_core.verb:Building package 'reseq_ros2' with the following arguments: {'ament_cmake_args': None, 'build_base': '/home/salvatore/ros2_ws/src/build/reseq_ros2', 'catkin_cmake_args': None, 'catkin_skip_building_tests': False, 'cmake_args': None, 'cmake_clean_cache': False, 'cmake_clean_first': False, 'cmake_force_configure': False, 'cmake_target': None, 'cmake_target_skip_unavailable': False, 'install_base': '/home/salvatore/ros2_ws/src/install/reseq_ros2', 'merge_install': False, 'path': '/home/salvatore/ros2_ws/src/reseq_ros2', 'symlink_install': False, 'test_result_base': None}
[0.179s] INFO:colcon.colcon_core.executor:Executing jobs using 'parallel' executor
[0.180s] DEBUG:colcon.colcon_parallel_executor.executor.parallel:run_until_complete
[0.180s] INFO:colcon.colcon_ros.task.ament_cmake.build:Building ROS package in '/home/salvatore/ros2_ws/src/reseq_interfaces' with build type 'ament_cmake'
[0.180s] INFO:colcon.colcon_cmake.task.cmake.build:Building CMake package in '/home/salvatore/ros2_ws/src/reseq_interfaces'
[0.182s] INFO:colcon.colcon_core.plugin_system:Skipping extension 'colcon_core.shell.bat': Not used on non-Windows systems
[0.182s] INFO:colcon.colcon_core.shell:Skip shell extension 'powershell' for command environment: Not usable outside of PowerShell
[0.182s] DEBUG:colcon.colcon_core.shell:Skip shell extension 'dsv' for command environment
[0.187s] DEBUG:colcon.colcon_core.event_handler.log_command:Invoking command in '/home/salvatore/ros2_ws/src/build/reseq_interfaces': CMAKE_PREFIX_PATH=${CMAKE_PREFIX_PATH}:/home/salvatore/ros2_ws/install/reseq_ros2:/opt/ros/jazzy DEBUGINFOD_URLS=https://debuginfod.ubuntu.com /usr/bin/cmake /home/salvatore/ros2_ws/src/reseq_interfaces -DCMAKE_INSTALL_PREFIX=/home/salvatore/ros2_ws/src/install/reseq_interfaces
[3.641s] DEBUG:colcon.colcon_core.event_handler.log_command:Invoked command in '/home/salvatore/ros2_ws/src/build/reseq_interfaces' returned '0': CMAKE_PREFIX_PATH=${CMAKE_PREFIX_PATH}:/home/salvatore/ros2_ws/install/reseq_ros2:/opt/ros/jazzy DEBUGINFOD_URLS=https://debuginfod.ubuntu.com /usr/bin/cmake /home/salvatore/ros2_ws/src/reseq_interfaces -DCMAKE_INSTALL_PREFIX=/home/salvatore/ros2_ws/src/install/reseq_interfaces
[3.641s] DEBUG:colcon.colcon_core.event_handler.log_command:Invoking command in '/home/salvatore/ros2_ws/src/build/reseq_interfaces': CMAKE_PREFIX_PATH=${CMAKE_PREFIX_PATH}:/home/salvatore/ros2_ws/install/reseq_ros2:/opt/ros/jazzy DEBUGINFOD_URLS=https://debuginfod.ubuntu.com /usr/bin/cmake --build /home/salvatore/ros2_ws/src/build/reseq_interfaces -- -j4 -l4
[12.420s] DEBUG:colcon.colcon_core.event_handler.log_command:Invoked command in '/home/salvatore/ros2_ws/src/build/reseq_interfaces' returned '0': CMAKE_PREFIX_PATH=${CMAKE_PREFIX_PATH}:/home/salvatore/ros2_ws/install/reseq_ros2:/opt/ros/jazzy DEBUGINFOD_URLS=https://debuginfod.ubuntu.com /usr/bin/cmake --build /home/salvatore/ros2_ws/src/build/reseq_interfaces -- -j4 -l4
[12.428s] DEBUG:colcon.colcon_core.event_handler.log_command:Invoking command in '/home/salvatore/ros2_ws/src/build/reseq_interfaces': CMAKE_PREFIX_PATH=${CMAKE_PREFIX_PATH}:/home/salvatore/ros2_ws/install/reseq_ros2:/opt/ros/jazzy DEBUGINFOD_URLS=https://debuginfod.ubuntu.com /usr/bin/cmake --install /home/salvatore/ros2_ws/src/build/reseq_interfaces
[12.523s] Level 1:colcon.colcon_core.environment:create_environment_scripts_only(reseq_interfaces)
[12.524s] DEBUG:colcon.colcon_core.event_handler.log_command:Invoked command in '/home/salvatore/ros2_ws/src/build/reseq_interfaces' returned '0': CMAKE_PREFIX_PATH=${CMAKE_PREFIX_PATH}:/home/salvatore/ros2_ws/install/reseq_ros2:/opt/ros/jazzy DEBUGINFOD_URLS=https://debuginfod.ubuntu.com /usr/bin/cmake --install /home/salvatore/ros2_ws/src/build/reseq_interfaces
[12.527s] Level 1:colcon.colcon_core.environment:checking '/home/salvatore/ros2_ws/src/install/reseq_interfaces' for CMake module files
[12.528s] Level 1:colcon.colcon_core.environment:checking '/home/salvatore/ros2_ws/src/install/reseq_interfaces' for CMake config files
[12.528s] Level 1:colcon.colcon_core.shell:create_environment_hook('reseq_interfaces', 'cmake_prefix_path')
[12.528s] INFO:colcon.colcon_core.shell:Creating environment hook '/home/salvatore/ros2_ws/src/install/reseq_interfaces/share/reseq_interfaces/hook/cmake_prefix_path.ps1'
[12.529s] INFO:colcon.colcon_core.shell:Creating environment descriptor '/home/salvatore/ros2_ws/src/install/reseq_interfaces/share/reseq_interfaces/hook/cmake_prefix_path.dsv'
[12.529s] INFO:colcon.colcon_core.shell:Creating environment hook '/home/salvatore/ros2_ws/src/install/reseq_interfaces/share/reseq_interfaces/hook/cmake_prefix_path.sh'
[12.529s] Level 1:colcon.colcon_core.environment:checking '/home/salvatore/ros2_ws/src/install/reseq_interfaces/lib'
[12.529s] Level 1:colcon.colcon_core.shell:create_environment_hook('reseq_interfaces', 'ld_library_path_lib')
[12.530s] INFO:colcon.colcon_core.shell:Creating environment hook '/home/salvatore/ros2_ws/src/install/reseq_interfaces/share/reseq_interfaces/hook/ld_library_path_lib.ps1'
[12.530s] INFO:colcon.colcon_core.shell:Creating environment descriptor '/home/salvatore/ros2_ws/src/install/reseq_interfaces/share/reseq_interfaces/hook/ld_library_path_lib.dsv'
[12.530s] INFO:colcon.colcon_core.shell:Creating environment hook '/home/salvatore/ros2_ws/src/install/reseq_interfaces/share/reseq_interfaces/hook/ld_library_path_lib.sh'
[12.530s] Level 1:colcon.colcon_core.environment:checking '/home/salvatore/ros2_ws/src/install/reseq_interfaces/bin'
[12.530s] Level 1:colcon.colcon_core.environment:checking '/home/salvatore/ros2_ws/src/install/reseq_interfaces/lib/pkgconfig/reseq_interfaces.pc'
[12.530s] Level 1:colcon.colcon_core.environment:checking '/home/salvatore/ros2_ws/src/install/reseq_interfaces/lib/python3.12/site-packages'
[12.530s] Level 1:colcon.colcon_core.shell:create_environment_hook('reseq_interfaces', 'pythonpath')
[12.530s] INFO:colcon.colcon_core.shell:Creating environment hook '/home/salvatore/ros2_ws/src/install/reseq_interfaces/share/reseq_interfaces/hook/pythonpath.ps1'
[12.531s] INFO:colcon.colcon_core.shell:Creating environment descriptor '/home/salvatore/ros2_ws/src/install/reseq_interfaces/share/reseq_interfaces/hook/pythonpath.dsv'
[12.531s] INFO:colcon.colcon_core.shell:Creating environment hook '/home/salvatore/ros2_ws/src/install/reseq_interfaces/share/reseq_interfaces/hook/pythonpath.sh'
[12.531s] Level 1:colcon.colcon_core.environment:checking '/home/salvatore/ros2_ws/src/install/reseq_interfaces/bin'
[12.531s] INFO:colcon.colcon_core.shell:Creating package script '/home/salvatore/ros2_ws/src/install/reseq_interfaces/share/reseq_interfaces/package.ps1'
[12.532s] INFO:colcon.colcon_core.shell:Creating package descriptor '/home/salvatore/ros2_ws/src/install/reseq_interfaces/share/reseq_interfaces/package.dsv'
[12.532s] INFO:colcon.colcon_core.shell:Creating package script '/home/salvatore/ros2_ws/src/install/reseq_interfaces/share/reseq_interfaces/package.sh'
[12.533s] INFO:colcon.colcon_core.shell:Creating package script '/home/salvatore/ros2_ws/src/install/reseq_interfaces/share/reseq_interfaces/package.bash'
[12.533s] INFO:colcon.colcon_core.shell:Creating package script '/home/salvatore/ros2_ws/src/install/reseq_interfaces/share/reseq_interfaces/package.zsh'
[12.534s] Level 1:colcon.colcon_core.environment:create_file_with_runtime_dependencies(/home/salvatore/ros2_ws/src/install/reseq_interfaces/share/colcon-core/packages/reseq_interfaces)
[12.534s] Level 1:colcon.colcon_core.environment:create_environment_scripts_only(reseq_interfaces)
[12.534s] Level 1:colcon.colcon_core.environment:checking '/home/salvatore/ros2_ws/src/install/reseq_interfaces' for CMake module files
[12.534s] Level 1:colcon.colcon_core.environment:checking '/home/salvatore/ros2_ws/src/install/reseq_interfaces' for CMake config files
[12.535s] Level 1:colcon.colcon_core.shell:create_environment_hook('reseq_interfaces', 'cmake_prefix_path')
[12.535s] INFO:colcon.colcon_core.shell:Creating environment hook '/home/salvatore/ros2_ws/src/install/reseq_interfaces/share/reseq_interfaces/hook/cmake_prefix_path.ps1'
[12.535s] INFO:colcon.colcon_core.shell:Creating environment descriptor '/home/salvatore/ros2_ws/src/install/reseq_interfaces/share/reseq_interfaces/hook/cmake_prefix_path.dsv'
[12.536s] INFO:colcon.colcon_core.shell:Creating environment hook '/home/salvatore/ros2_ws/src/install/reseq_interfaces/share/reseq_interfaces/hook/cmake_prefix_path.sh'
[12.536s] Level 1:colcon.colcon_core.environment:checking '/home/salvatore/ros2_ws/src/install/reseq_interfaces/lib'
[12.536s] Level 1:colcon.colcon_core.shell:create_environment_hook('reseq_interfaces', 'ld_library_path_lib')
[12.536s] INFO:colcon.colcon_core.shell:Creating environment hook '/home/salvatore/ros2_ws/src/install/reseq_interfaces/share/reseq_interfaces/hook/ld_library_path_lib.ps1'
[12.537s] INFO:colcon.colcon_core.shell:Creating environment descriptor '/home/salvatore/ros2_ws/src/install/reseq_interfaces/share/reseq_interfaces/hook/ld_library_path_lib.dsv'
[12.537s] INFO:colcon.colcon_core.shell:Creating environment hook '/home/salvatore/ros2_ws/src/install/reseq_interfaces/share/reseq_interfaces/hook/ld_library_path_lib.sh'
[12.538s] Level 1:colcon.colcon_core.environment:checking '/home/salvatore/ros2_ws/src/install/reseq_interfaces/bin'
[12.538s] Level 1:colcon.colcon_core.environment:checking '/home/salvatore/ros2_ws/src/install/reseq_interfaces/lib/pkgconfig/reseq_interfaces.pc'
[12.538s] Level 1:colcon.colcon_core.environment:checking '/home/salvatore/ros2_ws/src/install/reseq_interfaces/lib/python3.12/site-packages'
[12.538s] Level 1:colcon.colcon_core.shell:create_environment_hook('reseq_interfaces', 'pythonpath')
[12.538s] INFO:colcon.colcon_core.shell:Creating environment hook '/home/salvatore/ros2_ws/src/install/reseq_interfaces/share/reseq_interfaces/hook/pythonpath.ps1'
[12.538s] INFO:colcon.colcon_core.shell:Creating environment descriptor '/home/salvatore/ros2_ws/src/install/reseq_interfaces/share/reseq_interfaces/hook/pythonpath.dsv'
[12.539s] INFO:colcon.colcon_core.shell:Creating environment hook '/home/salvatore/ros2_ws/src/install/reseq_interfaces/share/reseq_interfaces/hook/pythonpath.sh'
[12.539s] Level 1:colcon.colcon_core.environment:checking '/home/salvatore/ros2_ws/src/install/reseq_interfaces/bin'
[12.539s] INFO:colcon.colcon_core.shell:Creating package script '/home/salvatore/ros2_ws/src/install/reseq_interfaces/share/reseq_interfaces/package.ps1'
[12.540s] INFO:colcon.colcon_core.shell:Creating package descriptor '/home/salvatore/ros2_ws/src/install/reseq_interfaces/share/reseq_interfaces/package.dsv'
[12.540s] INFO:colcon.colcon_core.shell:Creating package script '/home/salvatore/ros2_ws/src/install/reseq_interfaces/share/reseq_interfaces/package.sh'
[12.540s] INFO:colcon.colcon_core.shell:Creating package script '/home/salvatore/ros2_ws/src/install/reseq_interfaces/share/reseq_interfaces/package.bash'
[12.541s] INFO:colcon.colcon_core.shell:Creating package script '/home/salvatore/ros2_ws/src/install/reseq_interfaces/share/reseq_interfaces/package.zsh'
[12.541s] Level 1:colcon.colcon_core.environment:create_file_with_runtime_dependencies(/home/salvatore/ros2_ws/src/install/reseq_interfaces/share/colcon-core/packages/reseq_interfaces)
[12.541s] INFO:colcon.colcon_ros.task.ament_python.build:Building ROS package in '/home/salvatore/ros2_ws/src/reseq_ros2' with build type 'ament_python'
[12.541s] Level 1:colcon.colcon_core.shell:create_environment_hook('reseq_ros2', 'ament_prefix_path')
[12.542s] INFO:colcon.colcon_core.shell:Creating environment hook '/home/salvatore/ros2_ws/src/install/reseq_ros2/share/reseq_ros2/hook/ament_prefix_path.ps1'
[12.542s] INFO:colcon.colcon_core.shell:Creating environment descriptor '/home/salvatore/ros2_ws/src/install/reseq_ros2/share/reseq_ros2/hook/ament_prefix_path.dsv'
[12.543s] INFO:colcon.colcon_core.shell:Creating environment hook '/home/salvatore/ros2_ws/src/install/reseq_ros2/share/reseq_ros2/hook/ament_prefix_path.sh'
[12.543s] INFO:colcon.colcon_core.shell:Skip shell extension 'powershell' for command environment: Not usable outside of PowerShell
[12.543s] DEBUG:colcon.colcon_core.shell:Skip shell extension 'dsv' for command environment
[12.721s] INFO:colcon.colcon_core.task.python.build:Building Python package in '/home/salvatore/ros2_ws/src/reseq_ros2'
[12.721s] INFO:colcon.colcon_core.shell:Skip shell extension 'powershell' for command environment: Not usable outside of PowerShell
[12.721s] DEBUG:colcon.colcon_core.shell:Skip shell extension 'dsv' for command environment
[13.150s] DEBUG:colcon.colcon_core.event_handler.log_command:Invoking command in '/home/salvatore/ros2_ws/src/reseq_ros2': AMENT_PREFIX_PATH=/home/salvatore/ros2_ws/src/install/reseq_interfaces:${AMENT_PREFIX_PATH} CMAKE_PREFIX_PATH=/home/salvatore/ros2_ws/src/install/reseq_interfaces:${CMAKE_PREFIX_PATH} DEBUGINFOD_URLS=https://debuginfod.ubuntu.com LD_LIBRARY_PATH=/home/salvatore/ros2_ws/src/install/reseq_interfaces/lib:${LD_LIBRARY_PATH} PYTHONPATH=/home/salvatore/ros2_ws/src/build/reseq_ros2/prefix_override:/usr/lib/python3/dist-packages/colcon_core/task/python/colcon_distutils_commands:/home/salvatore/ros2_ws/src/install/reseq_ros2/lib/python3.12/site-packages:/home/salvatore/ros2_ws/src/install/reseq_interfaces/lib/python3.12/site-packages:${PYTHONPATH} /usr/bin/python3 -W ignore:setup.py install is deprecated -W ignore:easy_install command is deprecated setup.py egg_info --egg-base ../build/reseq_ros2 build --build-base /home/salvatore/ros2_ws/src/build/reseq_ros2/build install --record /home/salvatore/ros2_ws/src/build/reseq_ros2/install.log --single-version-externally-managed install_data
[13.562s] Level 1:colcon.colcon_core.environment:checking '/home/salvatore/ros2_ws/src/install/reseq_ros2' for CMake module files
[13.562s] DEBUG:colcon.colcon_core.event_handler.log_command:Invoked command in '/home/salvatore/ros2_ws/src/reseq_ros2' returned '0': AMENT_PREFIX_PATH=/home/salvatore/ros2_ws/src/install/reseq_interfaces:${AMENT_PREFIX_PATH} CMAKE_PREFIX_PATH=/home/salvatore/ros2_ws/src/install/reseq_interfaces:${CMAKE_PREFIX_PATH} DEBUGINFOD_URLS=https://debuginfod.ubuntu.com LD_LIBRARY_PATH=/home/salvatore/ros2_ws/src/install/reseq_interfaces/lib:${LD_LIBRARY_PATH} PYTHONPATH=/home/salvatore/ros2_ws/src/build/reseq_ros2/prefix_override:/usr/lib/python3/dist-packages/colcon_core/task/python/colcon_distutils_commands:/home/salvatore/ros2_ws/src/install/reseq_ros2/lib/python3.12/site-packages:/home/salvatore/ros2_ws/src/install/reseq_interfaces/lib/python3.12/site-packages:${PYTHONPATH} /usr/bin/python3 -W ignore:setup.py install is deprecated -W ignore:easy_install command is deprecated setup.py egg_info --egg-base ../build/reseq_ros2 build --build-base /home/salvatore/ros2_ws/src/build/reseq_ros2/build install --record /home/salvatore/ros2_ws/src/build/reseq_ros2/install.log --single-version-externally-managed install_data
[13.563s] Level 1:colcon.colcon_core.environment:checking '/home/salvatore/ros2_ws/src/install/reseq_ros2' for CMake config files
[13.563s] Level 1:colcon.colcon_core.environment:checking '/home/salvatore/ros2_ws/src/install/reseq_ros2/lib'
[13.563s] Level 1:colcon.colcon_core.environment:checking '/home/salvatore/ros2_ws/src/install/reseq_ros2/bin'
[13.563s] Level 1:colcon.colcon_core.environment:checking '/home/salvatore/ros2_ws/src/install/reseq_ros2/lib/pkgconfig/reseq_ros2.pc'
[13.563s] Level 1:colcon.colcon_core.environment:checking '/home/salvatore/ros2_ws/src/install/reseq_ros2/lib/python3.12/site-packages'
[13.563s] Level 1:colcon.colcon_core.shell:create_environment_hook('reseq_ros2', 'pythonpath')
[13.563s] INFO:colcon.colcon_core.shell:Creating environment hook '/home/salvatore/ros2_ws/src/install/reseq_ros2/share/reseq_ros2/hook/pythonpath.ps1'
[13.564s] INFO:colcon.colcon_core.shell:Creating environment descriptor '/home/salvatore/ros2_ws/src/install/reseq_ros2/share/reseq_ros2/hook/pythonpath.dsv'
[13.564s] INFO:colcon.colcon_core.shell:Creating environment hook '/home/salvatore/ros2_ws/src/install/reseq_ros2/share/reseq_ros2/hook/pythonpath.sh'
[13.564s] Level 1:colcon.colcon_core.environment:checking '/home/salvatore/ros2_ws/src/install/reseq_ros2/bin'
[13.564s] Level 1:colcon.colcon_core.environment:create_environment_scripts_only(reseq_ros2)
[13.564s] INFO:colcon.colcon_core.shell:Creating package script '/home/salvatore/ros2_ws/src/install/reseq_ros2/share/reseq_ros2/package.ps1'
[13.566s] INFO:colcon.colcon_core.shell:Creating package descriptor '/home/salvatore/ros2_ws/src/install/reseq_ros2/share/reseq_ros2/package.dsv'
[13.566s] INFO:colcon.colcon_core.shell:Creating package script '/home/salvatore/ros2_ws/src/install/reseq_ros2/share/reseq_ros2/package.sh'
[13.566s] INFO:colcon.colcon_core.shell:Creating package script '/home/salvatore/ros2_ws/src/install/reseq_ros2/share/reseq_ros2/package.bash'
[13.566s] INFO:colcon.colcon_core.shell:Creating package script '/home/salvatore/ros2_ws/src/install/reseq_ros2/share/reseq_ros2/package.zsh'
[13.566s] Level 1:colcon.colcon_core.environment:create_file_with_runtime_dependencies(/home/salvatore/ros2_ws/src/install/reseq_ros2/share/colcon-core/packages/reseq_ros2)
[13.567s] DEBUG:colcon.colcon_parallel_executor.executor.parallel:closing loop
[13.567s] DEBUG:colcon.colcon_parallel_executor.executor.parallel:loop closed
[13.567s] DEBUG:colcon.colcon_parallel_executor.executor.parallel:run_until_complete finished with '0'
[13.567s] DEBUG:colcon.colcon_core.event_reactor:joining thread
[13.577s] INFO:colcon.colcon_core.plugin_system:Skipping extension 'colcon_notification.desktop_notification.terminal_notifier': Not used on non-Darwin systems
[13.578s] INFO:colcon.colcon_core.plugin_system:Skipping extension 'colcon_notification.desktop_notification.win32': Not used on non-Windows systems
[13.578s] INFO:colcon.colcon_notification.desktop_notification:Sending desktop notification using 'notify2'
[13.602s] DEBUG:colcon.colcon_core.event_reactor:joined thread
[13.603s] INFO:colcon.colcon_core.shell:Creating prefix script '/home/salvatore/ros2_ws/src/install/local_setup.ps1'
[13.603s] INFO:colcon.colcon_core.shell:Creating prefix util module '/home/salvatore/ros2_ws/src/install/_local_setup_util_ps1.py'
[13.604s] INFO:colcon.colcon_core.shell:Creating prefix chain script '/home/salvatore/ros2_ws/src/install/setup.ps1'
[13.604s] INFO:colcon.colcon_core.shell:Creating prefix script '/home/salvatore/ros2_ws/src/install/local_setup.sh'
[13.605s] INFO:colcon.colcon_core.shell:Creating prefix util module '/home/salvatore/ros2_ws/src/install/_local_setup_util_sh.py'
[13.605s] INFO:colcon.colcon_core.shell:Creating prefix chain script '/home/salvatore/ros2_ws/src/install/setup.sh'
[13.606s] INFO:colcon.colcon_core.shell:Creating prefix script '/home/salvatore/ros2_ws/src/install/local_setup.bash'
[13.606s] INFO:colcon.colcon_core.shell:Creating prefix chain script '/home/salvatore/ros2_ws/src/install/setup.bash'
[13.607s] INFO:colcon.colcon_core.shell:Creating prefix script '/home/salvatore/ros2_ws/src/install/local_setup.zsh'
[13.607s] INFO:colcon.colcon_core.shell:Creating prefix chain script '/home/salvatore/ros2_ws/src/install/setup.zsh'
