/home/salvatore/ros2_ws/src/install/reseq_ros2/lib/python3.12/site-packages/reseq_ros2/joint_publisher.py
/home/salvatore/ros2_ws/src/install/reseq_ros2/lib/python3.12/site-packages/reseq_ros2/thermal_node.py
/home/salvatore/ros2_ws/src/install/reseq_ros2/lib/python3.12/site-packages/reseq_ros2/communication.py
/home/salvatore/ros2_ws/src/install/reseq_ros2/lib/python3.12/site-packages/reseq_ros2/remote_test.py
/home/salvatore/ros2_ws/src/install/reseq_ros2/lib/python3.12/site-packages/reseq_ros2/emulator_remote_controller.py
/home/salvatore/ros2_ws/src/install/reseq_ros2/lib/python3.12/site-packages/reseq_ros2/pivot_controller.py
/home/salvatore/ros2_ws/src/install/reseq_ros2/lib/python3.12/site-packages/reseq_ros2/scaler.py
/home/salvatore/ros2_ws/src/install/reseq_ros2/lib/python3.12/site-packages/reseq_ros2/__init__.py
/home/salvatore/ros2_ws/src/install/reseq_ros2/lib/python3.12/site-packages/reseq_ros2/constants.py
/home/salvatore/ros2_ws/src/install/reseq_ros2/lib/python3.12/site-packages/reseq_ros2/feedback_replicator.py
/home/salvatore/ros2_ws/src/install/reseq_ros2/lib/python3.12/site-packages/reseq_ros2/agevar.py
/home/salvatore/ros2_ws/src/install/reseq_ros2/lib/python3.12/site-packages/reseq_ros2/enea.py
/home/salvatore/ros2_ws/src/install/reseq_ros2/lib/python3.12/site-packages/reseq_ros2/utils/launch_utils.py
/home/salvatore/ros2_ws/src/install/reseq_ros2/lib/python3.12/site-packages/reseq_ros2/utils/__init__.py
/home/salvatore/ros2_ws/src/install/reseq_ros2/lib/python3.12/site-packages/reseq_ros2/__pycache__/joint_publisher.cpython-312.pyc
/home/salvatore/ros2_ws/src/install/reseq_ros2/lib/python3.12/site-packages/reseq_ros2/__pycache__/thermal_node.cpython-312.pyc
/home/salvatore/ros2_ws/src/install/reseq_ros2/lib/python3.12/site-packages/reseq_ros2/__pycache__/communication.cpython-312.pyc
/home/salvatore/ros2_ws/src/install/reseq_ros2/lib/python3.12/site-packages/reseq_ros2/__pycache__/remote_test.cpython-312.pyc
/home/salvatore/ros2_ws/src/install/reseq_ros2/lib/python3.12/site-packages/reseq_ros2/__pycache__/emulator_remote_controller.cpython-312.pyc
/home/salvatore/ros2_ws/src/install/reseq_ros2/lib/python3.12/site-packages/reseq_ros2/__pycache__/pivot_controller.cpython-312.pyc
/home/salvatore/ros2_ws/src/install/reseq_ros2/lib/python3.12/site-packages/reseq_ros2/__pycache__/scaler.cpython-312.pyc
/home/salvatore/ros2_ws/src/install/reseq_ros2/lib/python3.12/site-packages/reseq_ros2/__pycache__/__init__.cpython-312.pyc
/home/salvatore/ros2_ws/src/install/reseq_ros2/lib/python3.12/site-packages/reseq_ros2/__pycache__/constants.cpython-312.pyc
/home/salvatore/ros2_ws/src/install/reseq_ros2/lib/python3.12/site-packages/reseq_ros2/__pycache__/feedback_replicator.cpython-312.pyc
/home/salvatore/ros2_ws/src/install/reseq_ros2/lib/python3.12/site-packages/reseq_ros2/__pycache__/agevar.cpython-312.pyc
/home/salvatore/ros2_ws/src/install/reseq_ros2/lib/python3.12/site-packages/reseq_ros2/__pycache__/enea.cpython-312.pyc
/home/salvatore/ros2_ws/src/install/reseq_ros2/lib/python3.12/site-packages/reseq_ros2/utils/__pycache__/launch_utils.cpython-312.pyc
/home/salvatore/ros2_ws/src/install/reseq_ros2/lib/python3.12/site-packages/reseq_ros2/utils/__pycache__/__init__.cpython-312.pyc
/home/salvatore/ros2_ws/src/install/reseq_ros2/share/reseq_ros2/launch/sensors_launch.py
/home/salvatore/ros2_ws/src/install/reseq_ros2/share/reseq_ros2/launch/apriltag_launch.py
/home/salvatore/ros2_ws/src/install/reseq_ros2/share/reseq_ros2/launch/digital_twin_launch.py
/home/salvatore/ros2_ws/src/install/reseq_ros2/share/reseq_ros2/launch/reseq_core_launch.py
/home/salvatore/ros2_ws/src/install/reseq_ros2/share/reseq_ros2/launch/reseq_launch.py
/home/salvatore/ros2_ws/src/install/reseq_ros2/share/reseq_ros2/launch/webcam_launch.py
/home/salvatore/ros2_ws/src/install/reseq_ros2/share/reseq_ros2/config/enea_consts.yaml
/home/salvatore/ros2_ws/src/install/reseq_ros2/share/reseq_ros2/config/agevar_consts_mk2.yaml
/home/salvatore/ros2_ws/src/install/reseq_ros2/share/reseq_ros2/config/scaler_consts_mk1.yaml
/home/salvatore/ros2_ws/src/install/reseq_ros2/share/reseq_ros2/config/agevar_consts_mk1.yaml
/home/salvatore/ros2_ws/src/install/reseq_ros2/share/reseq_ros2/config/realsense_rgb_motion.yaml
/home/salvatore/ros2_ws/src/install/reseq_ros2/share/reseq_ros2/config/reseq_controllers.yaml
/home/salvatore/ros2_ws/src/install/reseq_ros2/share/reseq_ros2/config/joint_pub_consts_mk1.yaml
/home/salvatore/ros2_ws/src/install/reseq_ros2/share/reseq_ros2/config/digital_twin_params_mk1.yaml
/home/salvatore/ros2_ws/src/install/reseq_ros2/share/reseq_ros2/config/reseq_mk2_vcan.yaml
/home/salvatore/ros2_ws/src/install/reseq_ros2/share/reseq_ros2/config/apriltag.yaml
/home/salvatore/ros2_ws/src/install/reseq_ros2/share/reseq_ros2/config/reseq_mk1_can.yaml
/home/salvatore/ros2_ws/src/install/reseq_ros2/share/reseq_ros2/config/usb_camera.yaml
/home/salvatore/ros2_ws/src/install/reseq_ros2/share/reseq_ros2/config/reseq_mk1_vcan.yaml
/home/salvatore/ros2_ws/src/install/reseq_ros2/share/reseq_ros2/config/joint_pub_consts_mk2.yaml
/home/salvatore/ros2_ws/src/install/reseq_ros2/share/reseq_ros2/config/scaler_consts_mk2.yaml
/home/salvatore/ros2_ws/src/install/reseq_ros2/share/reseq_ros2/config/digital_twin_params_mk2.yaml
/home/salvatore/ros2_ws/src/install/reseq_ros2/share/reseq_ros2/config/reseq_mk2_can.yaml
/home/salvatore/ros2_ws/src/install/reseq_ros2/share/reseq_ros2/scripts/test_can.py
/home/salvatore/ros2_ws/src/install/reseq_ros2/share/reseq_ros2/scripts/publish_fake_detection.py
/home/salvatore/ros2_ws/src/install/reseq_ros2/share/reseq_ros2/scripts/generate_configs.py
/home/salvatore/ros2_ws/src/install/reseq_ros2/share/reseq_ros2/scripts/call_compute_coordinate.py
/home/salvatore/ros2_ws/src/install/reseq_ros2/share/reseq_ros2/description/ros2_control.xacro
/home/salvatore/ros2_ws/src/install/reseq_ros2/share/reseq_ros2/description/reseq_arm_mk1.xacro
/home/salvatore/ros2_ws/src/install/reseq_ros2/share/reseq_ros2/description/reseq_body.xacro
/home/salvatore/ros2_ws/src/install/reseq_ros2/share/reseq_ros2/description/reseq_parameters.xacro
/home/salvatore/ros2_ws/src/install/reseq_ros2/share/reseq_ros2/description/reseq_arm_parameters.xacro
/home/salvatore/ros2_ws/src/install/reseq_ros2/share/reseq_ros2/description/robot.urdf.xacro
/home/salvatore/ros2_ws/src/install/reseq_ros2/share/reseq_ros2/description/lidar.xacro
/home/salvatore/ros2_ws/src/install/reseq_ros2/share/reseq_ros2/description/inertial_macros.xacro
/home/salvatore/ros2_ws/src/install/reseq_ros2/share/reseq_ros2/description/macros/utils.xacro
/home/salvatore/ros2_ws/src/install/reseq_ros2/share/reseq_ros2/description/macros/wheel.xacro
/home/salvatore/ros2_ws/src/install/reseq_ros2/share/reseq_ros2/description/macros/chassis.xacro
/home/salvatore/ros2_ws/src/install/reseq_ros2/share/reseq_ros2/description/macros/control_wheel.xacro
/home/salvatore/ros2_ws/src/install/reseq_ros2/share/reseq_ros2/description/macros/joint.xacro
/home/salvatore/ros2_ws/src/install/reseq_ros2/share/reseq_ros2/ml-ckpt
/home/salvatore/ros2_ws/src/install/reseq_ros2/share/ament_index/resource_index/packages/reseq_ros2
/home/salvatore/ros2_ws/src/install/reseq_ros2/share/reseq_ros2/package.xml
/home/salvatore/ros2_ws/src/install/reseq_ros2/lib/python3.12/site-packages/reseq_ros2-0.0.0-py3.12.egg-info/dependency_links.txt
/home/salvatore/ros2_ws/src/install/reseq_ros2/lib/python3.12/site-packages/reseq_ros2-0.0.0-py3.12.egg-info/entry_points.txt
/home/salvatore/ros2_ws/src/install/reseq_ros2/lib/python3.12/site-packages/reseq_ros2-0.0.0-py3.12.egg-info/SOURCES.txt
/home/salvatore/ros2_ws/src/install/reseq_ros2/lib/python3.12/site-packages/reseq_ros2-0.0.0-py3.12.egg-info/PKG-INFO
/home/salvatore/ros2_ws/src/install/reseq_ros2/lib/python3.12/site-packages/reseq_ros2-0.0.0-py3.12.egg-info/zip-safe
/home/salvatore/ros2_ws/src/install/reseq_ros2/lib/python3.12/site-packages/reseq_ros2-0.0.0-py3.12.egg-info/requires.txt
/home/salvatore/ros2_ws/src/install/reseq_ros2/lib/python3.12/site-packages/reseq_ros2-0.0.0-py3.12.egg-info/top_level.txt
/home/salvatore/ros2_ws/src/install/reseq_ros2/lib/reseq_ros2/agevar
/home/salvatore/ros2_ws/src/install/reseq_ros2/lib/reseq_ros2/communication
/home/salvatore/ros2_ws/src/install/reseq_ros2/lib/reseq_ros2/emulator_remote_controller
/home/salvatore/ros2_ws/src/install/reseq_ros2/lib/reseq_ros2/enea
/home/salvatore/ros2_ws/src/install/reseq_ros2/lib/reseq_ros2/feedback_replicator
/home/salvatore/ros2_ws/src/install/reseq_ros2/lib/reseq_ros2/joint_publisher
/home/salvatore/ros2_ws/src/install/reseq_ros2/lib/reseq_ros2/pivot_controller
/home/salvatore/ros2_ws/src/install/reseq_ros2/lib/reseq_ros2/remote_test
/home/salvatore/ros2_ws/src/install/reseq_ros2/lib/reseq_ros2/scaler
/home/salvatore/ros2_ws/src/install/reseq_ros2/lib/reseq_ros2/thermal_node
